# JRE version: OpenJDK Runtime Environment (8.0_312-b07) (build 1.8.0_312-b07)
# Java VM: OpenJDK 64-Bit Server VM (25.312-b07 mixed mode linux-amd64 compressed oops)
Heap:
 def new generation   total 13248K, used 11025K [0x00000000c0000000, 0x00000000c0e60000, 0x00000000d5550000)
  eden space 11776K,  83% used [0x00000000c0000000, 0x00000000c0992810, 0x00000000c0b80000)
  from space 1472K,  83% used [0x00000000c0cf0000, 0x00000000c0e21bf0, 0x00000000c0e60000)
  to   space 1472K,   0% used [0x00000000c0b80000, 0x00000000c0b80000, 0x00000000c0cf0000)
 tenured generation   total 29216K, used 27633K [0x00000000d5550000, 0x00000000d71d8000, 0x0000000100000000)
   the space 29216K,  94% used [0x00000000d5550000, 0x00000000d704c760, 0x00000000d704c800, 0x00000000d71d8000)
 Metaspace       used 46644K, capacity 47578K, committed 47872K, reserved 1091584K
  class space    used 6269K, capacity 6532K, committed 6656K, reserved 1048576K
GC Heap History (174 events):
Event: 0.136 GC heap before
{Heap before GC invocations=0 (full 0):
 def new generation   total 4928K, used 4416K [0x00000000c0000000, 0x00000000c0550000, 0x00000000d5550000)
  eden space 4416K, 100% used [0x00000000c0000000, 0x00000000c0450000, 0x00000000c0450000)
  from space 512K,   0% used [0x00000000c0450000, 0x00000000c0450000, 0x00000000c04d0000)
  to   space 512K,   0% used [0x00000000c04d0000, 0x00000000c04d0000, 0x00000000c0550000)
 tenured generation   total 10944K, used 0K [0x00000000d5550000, 0x00000000d6000000, 0x0000000100000000)
   the space 10944K,   0% used [0x00000000d5550000, 0x00000000d5550000, 0x00000000d5550200, 0x00000000d6000000)
 Metaspace       used 3675K, capacity 4664K, committed 4864K, reserved 1056768K
  class space    used 358K, capacity 424K, committed 512K, reserved 1048576K
Event: 0.138 GC heap after
Heap after GC invocations=1 (full 0):
 def new generation   total 4928K, used 511K [0x00000000c0000000, 0x00000000c0550000, 0x00000000d5550000)
  eden space 4416K,   0% used [0x00000000c0000000, 0x00000000c0000000, 0x00000000c0450000)
  from space 512K,  99% used [0x00000000c04d0000, 0x00000000c054fff8, 0x00000000c0550000)
  to   space 512K,   0% used [0x00000000c0450000, 0x00000000c0450000, 0x00000000c04d0000)
 tenured generation   total 10944K, used 87K [0x00000000d5550000, 0x00000000d6000000, 0x0000000100000000)
   the space 10944K,   0% used [0x00000000d5550000, 0x00000000d5565e68, 0x00000000d5566000, 0x00000000d6000000)
 Metaspace       used 3675K, capacity 4664K, committed 4864K, reserved 1056768K
  class space    used 358K, capacity 424K, committed 512K, reserved 1048576K
}
Event: 0.223 GC heap before
{Heap before GC invocations=1 (full 0):
 def new generation   total 4928K, used 4927K [0x00000000c0000000, 0x00000000c0550000, 0x00000000d5550000)
  eden space 4416K, 100% used [0x00000000c0000000, 0x00000000c0450000, 0x00000000c0450000)
  from space 512K,  99% used [0x00000000c04d0000, 0x00000000c054fff8, 0x00000000c0550000)
  to   space 512K,   0% used [0x00000000c0450000, 0x00000000c0450000, 0x00000000c04d0000)
 tenured generation   total 10944K, used 87K [0x00000000d5550000, 0x00000000d6000000, 0x0000000100000000)
   the space 10944K,   0% used [0x00000000d5550000, 0x00000000d5565e68, 0x00000000d5566000, 0x00000000d6000000)
 Metaspace       used 4266K, capacity 5072K, committed 5120K, reserved 1056768K
  class space    used 451K, capacity 496K, committed 512K, reserved 1048576K
Event: 0.226 GC heap after
Heap after GC invocations=2 (full 0):
 def new generation   total 4928K, used 512K [0x00000000c0000000, 0x00000000c0550000, 0x00000000d5550000)
  eden space 4416K,   0% used [0x00000000c0000000, 0x00000000c0000000, 0x00000000c0450000)
  from space 512K, 100% used [0x00000000c0450000, 0x00000000c04d0000, 0x00000000c04d0000)
  to   space 512K,   0% used [0x00000000c04d0000, 0x00000000c04d0000, 0x00000000c0550000)
 tenured generation   total 10944K, used 681K [0x00000000d5550000, 0x00000000d6000000, 0x0000000100000000)
   the space 10944K,   6% used [0x00000000d5550000, 0x00000000d55fa478, 0x00000000d55fa600, 0x00000000d6000000)
 Metaspace       used 4266K, capacity 5072K, committed 5120K, reserved 1056768K
  class space    used 451K, capacity 496K, committed 512K, reserved 1048576K
}
Event: 0.315 GC heap before
{Heap before GC invocations=2 (full 0):
 def new generation   total 4928K, used 4928K [0x00000000c0000000, 0x00000000c0550000, 0x00000000d5550000)
  eden space 4416K, 100% used [0x00000000c0000000, 0x00000000c0450000, 0x00000000c0450000)
  from space 512K, 100% used [0x00000000c0450000, 0x00000000c04d0000, 0x00000000c04d0000)
  to   space 512K,   0% used [0x00000000c04d0000, 0x00000000c04d0000, 0x00000000c0550000)
 tenured generation   total 10944K, used 681K [0x00000000d5550000, 0x00000000d6000000, 0x0000000100000000)
   the space 10944K,   6% used [0x00000000d5550000, 0x00000000d55fa478, 0x00000000d55fa600, 0x00000000d6000000)
 Metaspace       used 6059K, capacity 6180K, committed 6400K, reserved 1056768K
  class space    used 684K, capacity 748K, committed 768K, reserved 1048576K
Event: 0.317 GC heap after
Heap after GC invocations=3 (full 0):
 def new generation   total 4928K, used 511K [0x00000000c0000000, 0x00000000c0550000, 0x00000000d5550000)
  eden space 4416K,   0% used [0x00000000c0000000, 0x00000000c0000000, 0x00000000c0450000)
  from space 512K,  99% used [0x00000000c04d0000, 0x00000000c054fff8, 0x00000000c0550000)
  to   space 512K,   0% used [0x00000000c0450000, 0x00000000c0450000, 0x00000000c04d0000)
 tenured generation   total 10944K, used 1244K [0x00000000d5550000, 0x00000000d6000000, 0x0000000100000000)
   the space 10944K,  11% used [0x00000000d5550000, 0x00000000d56870e0, 0x00000000d5687200, 0x00000000d6000000)
 Metaspace       used 6059K, capacity 6180K, committed 6400K, reserved 1056768K
  class space    used 684K, capacity 748K, committed 768K, reserved 1048576K
}
Event: 0.376 GC heap before
{Heap before GC invocations=3 (full 0):
 def new generation   total 4928K, used 4927K [0x00000000c0000000, 0x00000000c0550000, 0x00000000d5550000)
  eden space 4416K, 100% used [0x00000000c0000000, 0x00000000c0450000, 0x00000000c0450000)
  from space 512K,  99% used [0x00000000c04d0000, 0x00000000c054fff8, 0x00000000c0550000)
  to   space 512K,   0% used [0x00000000c0450000, 0x00000000c0450000, 0x00000000c04d0000)
 tenured generation   total 10944K, used 1244K [0x00000000d5550000, 0x00000000d6000000, 0x0000000100000000)
   the space 10944K,  11% used [0x00000000d5550000, 0x00000000d56870e0, 0x00000000d5687200, 0x00000000d6000000)
 Metaspace       used 6298K, capacity 6468K, committed 6784K, reserved 1056768K
  class space    used 726K, capacity 780K, committed 896K, reserved 1048576K
Event: 0.378 GC heap after
Heap after GC invocations=4 (full 0):
 def new generation   total 4928K, used 512K [0x00000000c0000000, 0x00000000c0550000, 0x00000000d5550000)
  eden space 4416K,   0% used [0x00000000c0000000, 0x00000000c0000000, 0x00000000c0450000)
  from space 512K, 100% used [0x00000000c0450000, 0x00000000c04d0000, 0x00000000c04d0000)
  to   space 512K,   0% used [0x00000000c04d0000, 0x00000000c04d0000, 0x00000000c0550000)
 tenured generation   total 10944K, used 1811K [0x00000000d5550000, 0x00000000d6000000, 0x0000000100000000)
   the space 10944K,  16% used [0x00000000d5550000, 0x00000000d5714f18, 0x00000000d5715000, 0x00000000d6000000)
 Metaspace       used 6298K, capacity 6468K, committed 6784K, reserved 1056768K
  class space    used 726K, capacity 780K, committed 896K, reserved 1048576K
}
Event: 0.450 GC heap before
{Heap before GC invocations=4 (full 0):
 def new generation   total 4928K, used 4928K [0x00000000c0000000, 0x00000000c0550000, 0x00000000d5550000)
  eden space 4416K, 100% used [0x00000000c0000000, 0x00000000c0450000, 0x00000000c0450000)
  from space 512K, 100% used [0x00000000c0450000, 0x00000000c04d0000, 0x00000000c04d0000)
  to   space 512K,   0% used [0x00000000c04d0000, 0x00000000c04d0000, 0x00000000c0550000)
 tenured generation   total 10944K, used 1811K [0x00000000d5550000, 0x00000000d6000000, 0x0000000100000000)
   the space 10944K,  16% used [0x00000000d5550000, 0x00000000d5714f18, 0x00000000d5715000, 0x00000000d6000000)
 Metaspace       used 7050K, capacity 7204K, committed 7296K, reserved 1056768K
  class space    used 825K, capacity 876K, committed 896K, reserved 1048576K
Event: 0.451 GC heap after
Heap after GC invocations=5 (full 0):
 def new generation   total 4928K, used 511K [0x00000000c0000000, 0x00000000c0550000, 0x00000000d5550000)
  eden space 4416K,   0% used [0x00000000c0000000, 0x00000000c0000000, 0x00000000c0450000)
  from space 512K,  99% used [0x00000000c04d0000, 0x00000000c054fff8, 0x00000000c0550000)
  to   space 512K,   0% used [0x00000000c0450000, 0x00000000c0450000, 0x00000000c04d0000)
 tenured generation   total 10944K, used 2301K [0x00000000d5550000, 0x00000000d6000000, 0x0000000100000000)
   the space 10944K,  21% used [0x00000000d5550000, 0x00000000d578f4e0, 0x00000000d578f600, 0x00000000d6000000)
 Metaspace       used 7050K, capacity 7204K, committed 7296K, reserved 1056768K
  class space    used 825K, capacity 876K, committed 896K, reserved 1048576K
}
Event: 0.471 GC heap before
{Heap before GC invocations=5 (full 0):
 def new generation   total 4928K, used 4927K [0x00000000c0000000, 0x00000000c0550000, 0x00000000d5550000)
  eden space 4416K, 100% used [0x00000000c0000000, 0x00000000c0450000, 0x00000000c0450000)
  from space 512K,  99% used [0x00000000c04d0000, 0x00000000c054fff8, 0x00000000c0550000)
  to   space 512K,   0% used [0x00000000c0450000, 0x00000000c0450000, 0x00000000c04d0000)
 tenured generation   total 10944K, used 2301K [0x00000000d5550000, 0x00000000d6000000, 0x0000000100000000)
   the space 10944K,  21% used [0x00000000d5550000, 0x00000000d578f4e0, 0x00000000d578f600, 0x00000000d6000000)
 Metaspace       used 7103K, capacity 7204K, committed 7296K, reserved 1056768K
  class space    used 830K, capacity 876K, committed 896K, reserved 1048576K
Event: 0.472 GC heap after
Heap after GC invocations=6 (full 0):
 def new generation   total 4928K, used 173K [0x00000000c0000000, 0x00000000c0550000, 0x00000000d5550000)
  eden space 4416K,   0% used [0x00000000c0000000, 0x00000000c0000000, 0x00000000c0450000)
  from space 512K,  33% used [0x00000000c0450000, 0x00000000c047b690, 0x00000000c04d0000)
  to   space 512K,   0% used [0x00000000c04d0000, 0x00000000c04d0000, 0x00000000c0550000)
 tenured generation   total 10944K, used 2512K [0x00000000d5550000, 0x00000000d6000000, 0x0000000100000000)
   the space 10944K,  22% used [0x00000000d5550000, 0x00000000d57c41f0, 0x00000000d57c4200, 0x00000000d6000000)
 Metaspace       used 7103K, capacity 7204K, committed 7296K, reserved 1056768K
  class space    used 830K, capacity 876K, committed 896K, reserved 1048576K
}
Event: 0.484 GC heap before
{Heap before GC invocations=6 (full 0):
 def new generation   total 4928K, used 4589K [0x00000000c0000000, 0x00000000c0550000, 0x00000000d5550000)
  eden space 4416K, 100% used [0x00000000c0000000, 0x00000000c0450000, 0x00000000c0450000)
  from space 512K,  33% used [0x00000000c0450000, 0x00000000c047b690, 0x00000000c04d0000)
  to   space 512K,   0% used [0x00000000c04d0000, 0x00000000c04d0000, 0x00000000c0550000)
 tenured generation   total 10944K, used 2512K [0x00000000d5550000, 0x00000000d6000000, 0x0000000100000000)
   the space 10944K,  22% used [0x00000000d5550000, 0x00000000d57c41f0, 0x00000000d57c4200, 0x00000000d6000000)
 Metaspace       used 7110K, capacity 7204K, committed 7296K, reserved 1056768K
  class space    used 830K, capacity 876K, committed 896K, reserved 1048576K
Event: 0.485 GC heap after
Heap after GC invocations=7 (full 0):
 def new generation   total 4928K, used 138K [0x00000000c0000000, 0x00000000c0550000, 0x00000000d5550000)
  eden space 4416K,   0% used [0x00000000c0000000, 0x00000000c0000000, 0x00000000c0450000)
  from space 512K,  27% used [0x00000000c04d0000, 0x00000000c04f2900, 0x00000000c0550000)
  to   space 512K,   0% used [0x00000000c0450000, 0x00000000c0450000, 0x00000000c04d0000)
 tenured generation   total 10944K, used 2512K [0x00000000d5550000, 0x00000000d6000000, 0x0000000100000000)
   the space 10944K,  22% used [0x00000000d5550000, 0x00000000d57c41f0, 0x00000000d57c4200, 0x00000000d6000000)
 Metaspace       used 7110K, capacity 7204K, committed 7296K, reserved 1056768K
  class space    used 830K, capacity 876K, committed 896K, reserved 1048576K
}
Event: 0.497 GC heap before
{Heap before GC invocations=7 (full 0):
 def new generation   total 4928K, used 4554K [0x00000000c0000000, 0x00000000c0550000, 0x00000000d5550000)
  eden space 4416K, 100% used [0x00000000c0000000, 0x00000000c0450000, 0x00000000c0450000)
  from space 512K,  27% used [0x00000000c04d0000, 0x00000000c04f2900, 0x00000000c0550000)
  to   space 512K,   0% used [0x00000000c0450000, 0x00000000c0450000, 0x00000000c04d0000)
 tenured generation   total 10944K, used 2512K [0x00000000d5550000, 0x00000000d6000000, 0x0000000100000000)
   the space 10944K,  22% used [0x00000000d5550000, 0x00000000d57c41f0, 0x00000000d57c4200, 0x00000000d6000000)
 Metaspace       used 7113K, capacity 7204K, committed 7296K, reserved 1056768K
  class space    used 830K, capacity 876K, committed 896K, reserved 1048576K
Event: 0.497 GC heap after
Heap after GC invocations=8 (full 0):
 def new generation   total 4928K, used 163K [0x00000000c0000000, 0x00000000c0550000, 0x00000000d5550000)
  eden space 4416K,   0% used [0x00000000c0000000, 0x00000000c0000000, 0x00000000c0450000)
  from space 512K,  31% used [0x00000000c0450000, 0x00000000c0478ca0, 0x00000000c04d0000)
  to   space 512K,   0% used [0x00000000c04d0000, 0x00000000c04d0000, 0x00000000c0550000)
 tenured generation   total 10944K, used 2512K [0x00000000d5550000, 0x00000000d6000000, 0x0000000100000000)
   the space 10944K,  22% used [0x00000000d5550000, 0x00000000d57c41f0, 0x00000000d57c4200, 0x00000000d6000000)
 Metaspace       used 7113K, capacity 7204K, committed 7296K, reserved 1056768K
  class space    used 830K, capacity 876K, committed 896K, reserved 1048576K
}
Event: 0.526 GC heap before
{Heap before GC invocations=8 (full 0):
 def new generation   total 4928K, used 4579K [0x00000000c0000000, 0x00000000c0550000, 0x00000000d5550000)
  eden space 4416K, 100% used [0x00000000c0000000, 0x00000000c0450000, 0x00000000c0450000)
  from space 512K,  31% used [0x00000000c0450000, 0x00000000c0478ca0, 0x00000000c04d0000)
  to   space 512K,   0% used [0x00000000c04d0000, 0x00000000c04d0000, 0x00000000c0550000)
 tenured generation   total 10944K, used 2512K [0x00000000d5550000, 0x00000000d6000000, 0x0000000100000000)
   the space 10944K,  22% used [0x00000000d5550000, 0x00000000d57c41f0, 0x00000000d57c4200, 0x00000000d6000000)
 Metaspace       used 7135K, capacity 7268K, committed 7296K, reserved 1056768K
  class space    used 830K, capacity 876K, committed 896K, reserved 1048576K
Event: 0.527 GC heap after
Heap after GC invocations=9 (full 0):
 def new generation   total 4928K, used 352K [0x00000000c0000000, 0x00000000c0550000, 0x00000000d5550000)
  eden space 4416K,   0% used [0x00000000c0000000, 0x00000000c0000000, 0x00000000c0450000)
  from space 512K,  68% used [0x00000000c04d0000, 0x00000000c0528298, 0x00000000c0550000)
  to   space 512K,   0% used [0x00000000c0450000, 0x00000000c0450000, 0x00000000c04d0000)
 tenured generation   total 10944K, used 2512K [0x00000000d5550000, 0x00000000d6000000, 0x0000000100000000)
   the space 10944K,  22% used [0x00000000d5550000, 0x00000000d57c41f0, 0x00000000d57c4200, 0x00000000d6000000)
 Metaspace       used 7135K, capacity 7268K, committed 7296K, reserved 1056768K
  class space    used 830K, capacity 876K, committed 896K, reserved 1048576K
}
Event: 0.572 GC heap before
{Heap before GC invocations=9 (full 0):
 def new generation   total 4928K, used 4768K [0x00000000c0000000, 0x00000000c0550000, 0x00000000d5550000)
  eden space 4416K, 100% used [0x00000000c0000000, 0x00000000c0450000, 0x00000000c0450000)
  from space 512K,  68% used [0x00000000c04d0000, 0x00000000c0528298, 0x00000000c0550000)
  to   space 512K,   0% used [0x00000000c0450000, 0x00000000c0450000, 0x00000000c04d0000)
 tenured generation   total 10944K, used 2512K [0x00000000d5550000, 0x00000000d6000000, 0x0000000100000000)
   the space 10944K,  22% used [0x00000000d5550000, 0x00000000d57c41f0, 0x00000000d57c4200, 0x00000000d6000000)
 Metaspace       used 7213K, capacity 7292K, committed 7552K, reserved 1056768K
  class space    used 841K, capacity 884K, committed 896K, reserved 1048576K
Event: 0.573 GC heap after
Heap after GC invocations=10 (full 0):
 def new generation   total 4928K, used 511K [0x00000000c0000000, 0x00000000c0550000, 0x00000000d5550000)
  eden space 4416K,   0% used [0x00000000c0000000, 0x00000000c0000000, 0x00000000c0450000)
  from space 512K,  99% used [0x00000000c0450000, 0x00000000c04cfff0, 0x00000000c04d0000)
  to   space 512K,   0% used [0x00000000c04d0000, 0x00000000c04d0000, 0x00000000c0550000)
 tenured generation   total 10944K, used 2773K [0x00000000d5550000, 0x00000000d6000000, 0x0000000100000000)
   the space 10944K,  25% used [0x00000000d5550000, 0x00000000d5805508, 0x00000000d5805600, 0x00000000d6000000)
 Metaspace       used 7213K, capacity 7292K, committed 7552K, reserved 1056768K
  class space    used 841K, capacity 884K, committed 896K, reserved 1048576K
}
Event: 0.598 GC heap before
{Heap before GC invocations=10 (full 0):
 def new generation   total 4928K, used 4927K [0x00000000c0000000, 0x00000000c0550000, 0x00000000d5550000)
  eden space 4416K, 100% used [0x00000000c0000000, 0x00000000c0450000, 0x00000000c0450000)
  from space 512K,  99% used [0x00000000c0450000, 0x00000000c04cfff0, 0x00000000c04d0000)
  to   space 512K,   0% used [0x00000000c04d0000, 0x00000000c04d0000, 0x00000000c0550000)
 tenured generation   total 10944K, used 2773K [0x00000000d5550000, 0x00000000d6000000, 0x0000000100000000)
   the space 10944K,  25% used [0x00000000d5550000, 0x00000000d5805508, 0x00000000d5805600, 0x00000000d6000000)
 Metaspace       used 7331K, capacity 7518K, committed 7680K, reserved 1056768K
  class space    used 868K, capacity 917K, committed 1024K, reserved 1048576K
Event: 0.600 GC heap after
Heap after GC invocations=11 (full 0):
 def new generation   total 4928K, used 279K [0x00000000c0000000, 0x00000000c0550000, 0x00000000d5550000)
  eden space 4416K,   0% used [0x00000000c0000000, 0x00000000c0000000, 0x00000000c0450000)
  from space 512K,  54% used [0x00000000c04d0000, 0x00000000c0515de8, 0x00000000c0550000)
  to   space 512K,   0% used [0x00000000c0450000, 0x00000000c0450000, 0x00000000c04d0000)
 tenured generation   total 10944K, used 3151K [0x00000000d5550000, 0x00000000d6000000, 0x0000000100000000)
   the space 10944K,  28% used [0x00000000d5550000, 0x00000000d5863ee0, 0x00000000d5864000, 0x00000000d6000000)
 Metaspace       used 7331K, capacity 7518K, committed 7680K, reserved 1056768K
  class space    used 868K, capacity 917K, committed 1024K, reserved 1048576K
}
Event: 0.617 GC heap before
{Heap before GC invocations=11 (full 0):
 def new generation   total 4928K, used 4695K [0x00000000c0000000, 0x00000000c0550000, 0x00000000d5550000)
  eden space 4416K, 100% used [0x00000000c0000000, 0x00000000c0450000, 0x00000000c0450000)
  from space 512K,  54% used [0x00000000c04d0000, 0x00000000c0515de8, 0x00000000c0550000)
  to   space 512K,   0% used [0x00000000c0450000, 0x00000000c0450000, 0x00000000c04d0000)
 tenured generation   total 10944K, used 3151K [0x00000000d5550000, 0x00000000d6000000, 0x0000000100000000)
   the space 10944K,  28% used [0x00000000d5550000, 0x00000000d5863ee0, 0x00000000d5864000, 0x00000000d6000000)
 Metaspace       used 7462K, capacity 7646K, committed 7936K, reserved 1056768K
  class space    used 901K, capacity 981K, committed 1024K, reserved 1048576K
Event: 0.618 GC heap after
Heap after GC invocations=12 (full 0):
 def new generation   total 4928K, used 210K [0x00000000c0000000, 0x00000000c0550000, 0x00000000d5550000)
  eden space 4416K,   0% used [0x00000000c0000000, 0x00000000c0000000, 0x00000000c0450000)
  from space 512K,  41% used [0x00000000c0450000, 0x00000000c0484810, 0x00000000c04d0000)
  to   space 512K,   0% used [0x00000000c04d0000, 0x00000000c04d0000, 0x00000000c0550000)
 tenured generation   total 10944K, used 3286K [0x00000000d5550000, 0x00000000d6000000, 0x0000000100000000)
   the space 10944K,  30% used [0x00000000d5550000, 0x00000000d5885a58, 0x00000000d5885c00, 0x00000000d6000000)
 Metaspace       used 7462K, capacity 7646K, committed 7936K, reserved 1056768K
  class space    used 901K, capacity 981K, committed 1024K, reserved 1048576K
}
Event: 0.688 GC heap before
{Heap before GC invocations=12 (full 0):
 def new generation   total 4928K, used 4626K [0x00000000c0000000, 0x00000000c0550000, 0x00000000d5550000)
  eden space 4416K, 100% used [0x00000000c0000000, 0x00000000c0450000, 0x00000000c0450000)
  from space 512K,  41% used [0x00000000c0450000, 0x00000000c0484810, 0x00000000c04d0000)
  to   space 512K,   0% used [0x00000000c04d0000, 0x00000000c04d0000, 0x00000000c0550000)
 tenured generation   total 10944K, used 3286K [0x00000000d5550000, 0x00000000d6000000, 0x0000000100000000)
   the space 10944K,  30% used [0x00000000d5550000, 0x00000000d5885a58, 0x00000000d5885c00, 0x00000000d6000000)
 Metaspace       used 8871K, capacity 9054K, committed 9216K, reserved 1056768K
  class space    used 1079K, capacity 1173K, committed 1280K, reserved 1048576K
Event: 0.689 GC heap after
Heap after GC invocations=13 (full 0):
 def new generation   total 4928K, used 512K [0x00000000c0000000, 0x00000000c0550000, 0x00000000d5550000)
  eden space 4416K,   0% used [0x00000000c0000000, 0x00000000c0000000, 0x00000000c0450000)
  from space 512K, 100% used [0x00000000c04d0000, 0x00000000c0550000, 0x00000000c0550000)
  to   space 512K,   0% used [0x00000000c0450000, 0x00000000c0450000, 0x00000000c04d0000)
 tenured generation   total 10944K, used 3712K [0x00000000d5550000, 0x00000000d6000000, 0x0000000100000000)
   the space 10944K,  33% used [0x00000000d5550000, 0x00000000d58f00a0, 0x00000000d58f0200, 0x00000000d6000000)
 Metaspace       used 8871K, capacity 9054K, committed 9216K, reserved 1056768K
  class space    used 1079K, capacity 1173K, committed 1280K, reserved 1048576K
}
Event: 0.770 GC heap before
{Heap before GC invocations=13 (full 0):
 def new generation   total 4928K, used 4928K [0x00000000c0000000, 0x00000000c0550000, 0x00000000d5550000)
  eden space 4416K, 100% used [0x00000000c0000000, 0x00000000c0450000, 0x00000000c0450000)
  from space 512K, 100% used [0x00000000c04d0000, 0x00000000c0550000, 0x00000000c0550000)
  to   space 512K,   0% used [0x00000000c0450000, 0x00000000c0450000, 0x00000000c04d0000)
 tenured generation   total 10944K, used 3712K [0x00000000d5550000, 0x00000000d6000000, 0x0000000100000000)
   the space 10944K,  33% used [0x00000000d5550000, 0x00000000d58f00a0, 0x00000000d58f0200, 0x00000000d6000000)
 Metaspace       used 9860K, capacity 10040K, committed 10368K, reserved 1058816K
  class space    used 1245K, capacity 1326K, committed 1408K, reserved 1048576K
Event: 0.773 GC heap after
Heap after GC invocations=14 (full 0):
 def new generation   total 4928K, used 512K [0x00000000c0000000, 0x00000000c0550000, 0x00000000d5550000)
  eden space 4416K,   0% used [0x00000000c0000000, 0x00000000c0000000, 0x00000000c0450000)
  from space 512K, 100% used [0x00000000c0450000, 0x00000000c04d0000, 0x00000000c04d0000)
  to   space 512K,   0% used [0x00000000c04d0000, 0x00000000c04d0000, 0x00000000c0550000)
 tenured generation   total 10944K, used 4312K [0x00000000d5550000, 0x00000000d6000000, 0x0000000100000000)
   the space 10944K,  39% used [0x00000000d5550000, 0x00000000d59860c0, 0x00000000d5986200, 0x00000000d6000000)
 Metaspace       used 9860K, capacity 10040K, committed 10368K, reserved 1058816K
  class space    used 1245K, capacity 1326K, committed 1408K, reserved 1048576K
}
Event: 0.847 GC heap before
{Heap before GC invocations=14 (full 0):
 def new generation   total 4928K, used 4928K [0x00000000c0000000, 0x00000000c0550000, 0x00000000d5550000)
  eden space 4416K, 100% used [0x00000000c0000000, 0x00000000c0450000, 0x00000000c0450000)
  from space 512K, 100% used [0x00000000c0450000, 0x00000000c04d0000, 0x00000000c04d0000)
  to   space 512K,   0% used [0x00000000c04d0000, 0x00000000c04d0000, 0x00000000c0550000)
 tenured generation   total 10944K, used 4312K [0x00000000d5550000, 0x00000000d6000000, 0x0000000100000000)
   the space 10944K,  39% used [0x00000000d5550000, 0x00000000d59860c0, 0x00000000d5986200, 0x00000000d6000000)
 Metaspace       used 11052K, capacity 11262K, committed 11520K, reserved 1058816K
  class space    used 1412K, capacity 1519K, committed 1536K, reserved 1048576K
Event: 0.851 GC heap after
Heap after GC invocations=15 (full 0):
 def new generation   total 4928K, used 512K [0x00000000c0000000, 0x00000000c0550000, 0x00000000d5550000)
  eden space 4416K,   0% used [0x00000000c0000000, 0x00000000c0000000, 0x00000000c0450000)
  from space 512K, 100% used [0x00000000c04d0000, 0x00000000c0550000, 0x00000000c0550000)
  to   space 512K,   0% used [0x00000000c0450000, 0x00000000c0450000, 0x00000000c04d0000)
 tenured generation   total 10944K, used 4852K [0x00000000d5550000, 0x00000000d6000000, 0x0000000100000000)
   the space 10944K,  44% used [0x00000000d5550000, 0x00000000d5a0d2b8, 0x00000000d5a0d400, 0x00000000d6000000)
 Metaspace       used 11052K, capacity 11262K, committed 11520K, reserved 1058816K
  class space    used 1412K, capacity 1519K, committed 1536K, reserved 1048576K
}
Event: 0.985 GC heap before
{Heap before GC invocations=15 (full 0):
 def new generation   total 4928K, used 4928K [0x00000000c0000000, 0x00000000c0550000, 0x00000000d5550000)
  eden space 4416K, 100% used [0x00000000c0000000, 0x00000000c0450000, 0x00000000c0450000)
  from space 512K, 100% used [0x00000000c04d0000, 0x00000000c0550000, 0x00000000c0550000)
  to   space 512K,   0% used [0x00000000c0450000, 0x00000000c0450000, 0x00000000c04d0000)
 tenured generation   total 10944K, used 4852K [0x00000000d5550000, 0x00000000d6000000, 0x0000000100000000)
   the space 10944K,  44% used [0x00000000d5550000, 0x00000000d5a0d2b8, 0x00000000d5a0d400, 0x00000000d6000000)
 Metaspace       used 12375K, capacity 12674K, committed 12800K, reserved 1060864K
  class space    used 1580K, capacity 1689K, committed 1792K, reserved 1048576K
Event: 0.989 GC heap after
Heap after GC invocations=16 (full 0):
 def new generation   total 4928K, used 512K [0x00000000c0000000, 0x00000000c0550000, 0x00000000d5550000)
  eden space 4416K,   0% used [0x00000000c0000000, 0x00000000c0000000, 0x00000000c0450000)
  from space 512K, 100% used [0x00000000c0450000, 0x00000000c04d0000, 0x00000000c04d0000)
  to   space 512K,   0% used [0x00000000c04d0000, 0x00000000c04d0000, 0x00000000c0550000)
 tenured generation   total 10944K, used 5406K [0x00000000d5550000, 0x00000000d6000000, 0x0000000100000000)
   the space 10944K,  49% used [0x00000000d5550000, 0x00000000d5a97a18, 0x00000000d5a97c00, 0x00000000d6000000)
 Metaspace       used 12375K, capacity 12674K, committed 12800K, reserved 1060864K
  class space    used 1580K, capacity 1689K, committed 1792K, reserved 1048576K
}
Event: 1.039 GC heap before
{Heap before GC invocations=16 (full 0):
 def new generation   total 4928K, used 4928K [0x00000000c0000000, 0x00000000c0550000, 0x00000000d5550000)
  eden space 4416K, 100% used [0x00000000c0000000, 0x00000000c0450000, 0x00000000c0450000)
  from space 512K, 100% used [0x00000000c0450000, 0x00000000c04d0000, 0x00000000c04d0000)
  to   space 512K,   0% used [0x00000000c04d0000, 0x00000000c04d0000, 0x00000000c0550000)
 tenured generation   total 10944K, used 5406K [0x00000000d5550000, 0x00000000d6000000, 0x0000000100000000)
   the space 10944K,  49% used [0x00000000d5550000, 0x00000000d5a97a18, 0x00000000d5a97c00, 0x00000000d6000000)
 Metaspace       used 12729K, capacity 13016K, committed 13056K, reserved 1060864K
  class space    used 1653K, capacity 1762K, committed 1792K, reserved 1048576K
Event: 1.041 GC heap after
Heap after GC invocations=17 (full 0):
 def new generation   total 4928K, used 493K [0x00000000c0000000, 0x00000000c0550000, 0x00000000d5550000)
  eden space 4416K,   0% used [0x00000000c0000000, 0x00000000c0000000, 0x00000000c0450000)
  from space 512K,  96% used [0x00000000c04d0000, 0x00000000c054b530, 0x00000000c0550000)
  to   space 512K,   0% used [0x00000000c0450000, 0x00000000c0450000, 0x00000000c04d0000)
 tenured generation   total 10944K, used 5758K [0x00000000d5550000, 0x00000000d6000000, 0x0000000100000000)
   the space 10944K,  52% used [0x00000000d5550000, 0x00000000d5aef8d0, 0x00000000d5aefa00, 0x00000000d6000000)
 Metaspace       used 12729K, capacity 13016K, committed 13056K, reserved 1060864K
  class space    used 1653K, capacity 1762K, committed 1792K, reserved 1048576K
}
Event: 1.074 GC heap before
{Heap before GC invocations=17 (full 0):
 def new generation   total 4928K, used 4909K [0x00000000c0000000, 0x00000000c0550000, 0x00000000d5550000)
  eden space 4416K, 100% used [0x00000000c0000000, 0x00000000c0450000, 0x00000000c0450000)
  from space 512K,  96% used [0x00000000c04d0000, 0x00000000c054b530, 0x00000000c0550000)
  to   space 512K,   0% used [0x00000000c0450000, 0x00000000c0450000, 0x00000000c04d0000)
 tenured generation   total 10944K, used 5758K [0x00000000d5550000, 0x00000000d6000000, 0x0000000100000000)
   the space 10944K,  52% used [0x00000000d5550000, 0x00000000d5aef8d0, 0x00000000d5aefa00, 0x00000000d6000000)
 Metaspace       used 12984K, capacity 13336K, committed 13440K, reserved 1060864K
  class space    used 1712K, capacity 1826K, committed 1920K, reserved 1048576K
Event: 1.077 GC heap after
Heap after GC invocations=18 (full 0):
 def new generation   total 4928K, used 464K [0x00000000c0000000, 0x00000000c0550000, 0x00000000d5550000)
  eden space 4416K,   0% used [0x00000000c0000000, 0x00000000c0000000, 0x00000000c0450000)
  from space 512K,  90% used [0x00000000c0450000, 0x00000000c04c40a0, 0x00000000c04d0000)
  to   space 512K,   0% used [0x00000000c04d0000, 0x00000000c04d0000, 0x00000000c0550000)
 tenured generation   total 10944K, used 5907K [0x00000000d5550000, 0x00000000d6000000, 0x0000000100000000)
   the space 10944K,  53% used [0x00000000d5550000, 0x00000000d5b14c50, 0x00000000d5b14e00, 0x00000000d6000000)
 Metaspace       used 12984K, capacity 13336K, committed 13440K, reserved 1060864K
  class space    used 1712K, capacity 1826K, committed 1920K, reserved 1048576K
}
Event: 1.110 GC heap before
{Heap before GC invocations=18 (full 0):
 def new generation   total 4928K, used 4880K [0x00000000c0000000, 0x00000000c0550000, 0x00000000d5550000)
  eden space 4416K, 100% used [0x00000000c0000000, 0x00000000c0450000, 0x00000000c0450000)
  from space 512K,  90% used [0x00000000c0450000, 0x00000000c04c40a0, 0x00000000c04d0000)
  to   space 512K,   0% used [0x00000000c04d0000, 0x00000000c04d0000, 0x00000000c0550000)
 tenured generation   total 10944K, used 5907K [0x00000000d5550000, 0x00000000d6000000, 0x0000000100000000)
   the space 10944K,  53% used [0x00000000d5550000, 0x00000000d5b14c50, 0x00000000d5b14e00, 0x00000000d6000000)
 Metaspace       used 13339K, capacity 13656K, committed 13696K, reserved 1060864K
  class space    used 1778K, capacity 1890K, committed 1920K, reserved 1048576K
Event: 1.112 GC heap after
Heap after GC invocations=19 (full 0):
 def new generation   total 4928K, used 502K [0x00000000c0000000, 0x00000000c0550000, 0x00000000d5550000)
  eden space 4416K,   0% used [0x00000000c0000000, 0x00000000c0000000, 0x00000000c0450000)
  from space 512K,  98% used [0x00000000c04d0000, 0x00000000c054da48, 0x00000000c0550000)
  to   space 512K,   0% used [0x00000000c0450000, 0x00000000c0450000, 0x00000000c04d0000)
 tenured generation   total 10944K, used 6092K [0x00000000d5550000, 0x00000000d6000000, 0x0000000100000000)
   the space 10944K,  55% used [0x00000000d5550000, 0x00000000d5b43010, 0x00000000d5b43200, 0x00000000d6000000)
 Metaspace       used 13339K, capacity 13656K, committed 13696K, reserved 1060864K
  class space    used 1778K, capacity 1890K, committed 1920K, reserved 1048576K
}
Event: 1.136 GC heap before
{Heap before GC invocations=19 (full 0):
 def new generation   total 4928K, used 4918K [0x00000000c0000000, 0x00000000c0550000, 0x00000000d5550000)
  eden space 4416K, 100% used [0x00000000c0000000, 0x00000000c0450000, 0x00000000c0450000)
  from space 512K,  98% used [0x00000000c04d0000, 0x00000000c054da48, 0x00000000c0550000)
  to   space 512K,   0% used [0x00000000c0450000, 0x00000000c0450000, 0x00000000c04d0000)
 tenured generation   total 10944K, used 6092K [0x00000000d5550000, 0x00000000d6000000, 0x0000000100000000)
   the space 10944K,  55% used [0x00000000d5550000, 0x00000000d5b43010, 0x00000000d5b43200, 0x00000000d6000000)
 Metaspace       used 13544K, capacity 13912K, committed 14080K, reserved 1060864K
  class space    used 1820K, capacity 1954K, committed 2048K, reserved 1048576K
Event: 1.138 GC heap after
Heap after GC invocations=20 (full 0):
 def new generation   total 4928K, used 387K [0x00000000c0000000, 0x00000000c0550000, 0x00000000d5550000)
  eden space 4416K,   0% used [0x00000000c0000000, 0x00000000c0000000, 0x00000000c0450000)
  from space 512K,  75% used [0x00000000c0450000, 0x00000000c04b0d48, 0x00000000c04d0000)
  to   space 512K,   0% used [0x00000000c04d0000, 0x00000000c04d0000, 0x00000000c0550000)
 tenured generation   total 10944K, used 6200K [0x00000000d5550000, 0x00000000d6000000, 0x0000000100000000)
   the space 10944K,  56% used [0x00000000d5550000, 0x00000000d5b5e240, 0x00000000d5b5e400, 0x00000000d6000000)
 Metaspace       used 13544K, capacity 13912K, committed 14080K, reserved 1060864K
  class space    used 1820K, capacity 1954K, committed 2048K, reserved 1048576K
}
Event: 1.178 GC heap before
{Heap before GC invocations=20 (full 0):
 def new generation   total 4928K, used 4803K [0x00000000c0000000, 0x00000000c0550000, 0x00000000d5550000)
  eden space 4416K, 100% used [0x00000000c0000000, 0x00000000c0450000, 0x00000000c0450000)
  from space 512K,  75% used [0x00000000c0450000, 0x00000000c04b0d48, 0x00000000c04d0000)
  to   space 512K,   0% used [0x00000000c04d0000, 0x00000000c04d0000, 0x00000000c0550000)
 tenured generation   total 10944K, used 6200K [0x00000000d5550000, 0x00000000d6000000, 0x0000000100000000)
   the space 10944K,  56% used [0x00000000d5550000, 0x00000000d5b5e240, 0x00000000d5b5e400, 0x00000000d6000000)
 Metaspace       used 13795K, capacity 14138K, committed 14336K, reserved 1060864K
  class space    used 1867K, capacity 1987K, committed 2048K, reserved 1048576K
Event: 1.180 GC heap after
Heap after GC invocations=21 (full 0):
 def new generation   total 4928K, used 359K [0x00000000c0000000, 0x00000000c0550000, 0x00000000d5550000)
  eden space 4416K,   0% used [0x00000000c0000000, 0x00000000c0000000, 0x00000000c0450000)
  from space 512K,  70% used [0x00000000c04d0000, 0x00000000c0529cc0, 0x00000000c0550000)
  to   space 512K,   0% used [0x00000000c0450000, 0x00000000c0450000, 0x00000000c04d0000)
 tenured generation   total 10944K, used 6306K [0x00000000d5550000, 0x00000000d6000000, 0x0000000100000000)
   the space 10944K,  57% used [0x00000000d5550000, 0x00000000d5b788f0, 0x00000000d5b78a00, 0x00000000d6000000)
 Metaspace       used 13795K, capacity 14138K, committed 14336K, reserved 1060864K
  class space    used 1867K, capacity 1987K, committed 2048K, reserved 1048576K
}
Event: 1.226 GC heap before
{Heap before GC invocations=21 (full 0):
 def new generation   total 4928K, used 4775K [0x00000000c0000000, 0x00000000c0550000, 0x00000000d5550000)
  eden space 4416K, 100% used [0x00000000c0000000, 0x00000000c0450000, 0x00000000c0450000)
  from space 512K,  70% used [0x00000000c04d0000, 0x00000000c0529cc0, 0x00000000c0550000)
  to   space 512K,   0% used [0x00000000c0450000, 0x00000000c0450000, 0x00000000c04d0000)
 tenured generation   total 10944K, used 6306K [0x00000000d5550000, 0x00000000d6000000, 0x0000000100000000)
   the space 10944K,  57% used [0x00000000d5550000, 0x00000000d5b788f0, 0x00000000d5b78a00, 0x00000000d6000000)
 Metaspace       used 14397K, capacity 14682K, committed 14976K, reserved 1062912K
  class space    used 1968K, capacity 2083K, committed 2176K, reserved 1048576K
Event: 1.228 GC heap after
Heap after GC invocations=22 (full 0):
 def new generation   total 4928K, used 511K [0x00000000c0000000, 0x00000000c0550000, 0x00000000d5550000)
  eden space 4416K,   0% used [0x00000000c0000000, 0x00000000c0000000, 0x00000000c0450000)
  from space 512K,  99% used [0x00000000c0450000, 0x00000000c04cfff8, 0x00000000c04d0000)
  to   space 512K,   0% used [0x00000000c04d0000, 0x00000000c04d0000, 0x00000000c0550000)
 tenured generation   total 10944K, used 6568K [0x00000000d5550000, 0x00000000d6000000, 0x0000000100000000)
   the space 10944K,  60% used [0x00000000d5550000, 0x00000000d5bba368, 0x00000000d5bba400, 0x00000000d6000000)
 Metaspace       used 14397K, capacity 14682K, committed 14976K, reserved 1062912K
  class space    used 1968K, capacity 2083K, committed 2176K, reserved 1048576K
}
Event: 1.293 GC heap before
{Heap before GC invocations=22 (full 0):
 def new generation   total 4928K, used 4927K [0x00000000c0000000, 0x00000000c0550000, 0x00000000d5550000)
  eden space 4416K, 100% used [0x00000000c0000000, 0x00000000c0450000, 0x00000000c0450000)
  from space 512K,  99% used [0x00000000c0450000, 0x00000000c04cfff8, 0x00000000c04d0000)
  to   space 512K,   0% used [0x00000000c04d0000, 0x00000000c04d0000, 0x00000000c0550000)
 tenured generation   total 10944K, used 6568K [0x00000000d5550000, 0x00000000d6000000, 0x0000000100000000)
   the space 10944K,  60% used [0x00000000d5550000, 0x00000000d5bba368, 0x00000000d5bba400, 0x00000000d6000000)
 Metaspace       used 14961K, capacity 15290K, committed 15616K, reserved 1062912K
  class space    used 2064K, capacity 2179K, committed 2304K, reserved 1048576K
Event: 1.296 GC heap after
Heap after GC invocations=23 (full 0):
 def new generation   total 4928K, used 511K [0x00000000c0000000, 0x00000000c0550000, 0x00000000d5550000)
  eden space 4416K,   0% used [0x00000000c0000000, 0x00000000c0000000, 0x00000000c0450000)
  from space 512K,  99% used [0x00000000c04d0000, 0x00000000c054fff8, 0x00000000c0550000)
  to   space 512K,   0% used [0x00000000c0450000, 0x00000000c0450000, 0x00000000c04d0000)
 tenured generation   total 10944K, used 6855K [0x00000000d5550000, 0x00000000d6000000, 0x0000000100000000)
   the space 10944K,  62% used [0x00000000d5550000, 0x00000000d5c01de0, 0x00000000d5c01e00, 0x00000000d6000000)
 Metaspace       used 14961K, capacity 15290K, committed 15616K, reserved 1062912K
  class space    used 2064K, capacity 2179K, committed 2304K, reserved 1048576K
}
Event: 1.371 GC heap before
{Heap before GC invocations=23 (full 0):
 def new generation   total 4928K, used 4927K [0x00000000c0000000, 0x00000000c0550000, 0x00000000d5550000)
  eden space 4416K, 100% used [0x00000000c0000000, 0x00000000c0450000, 0x00000000c0450000)
  from space 512K,  99% used [0x00000000c04d0000, 0x00000000c054fff8, 0x00000000c0550000)
  to   space 512K,   0% used [0x00000000c0450000, 0x00000000c0450000, 0x00000000c04d0000)
 tenured generation   total 10944K, used 6855K [0x00000000d5550000, 0x00000000d6000000, 0x0000000100000000)
   the space 10944K,  62% used [0x00000000d5550000, 0x00000000d5c01de0, 0x00000000d5c01e00, 0x00000000d6000000)
 Metaspace       used 15308K, capacity 15610K, committed 15872K, reserved 1062912K
  class space    used 2119K, capacity 2243K, committed 2304K, reserved 1048576K
Event: 1.374 GC heap after
Heap after GC invocations=24 (full 0):
 def new generation   total 4928K, used 512K [0x00000000c0000000, 0x00000000c0550000, 0x00000000d5550000)
  eden space 4416K,   0% used [0x00000000c0000000, 0x00000000c0000000, 0x00000000c0450000)
  from space 512K, 100% used [0x00000000c0450000, 0x00000000c04d0000, 0x00000000c04d0000)
  to   space 512K,   0% used [0x00000000c04d0000, 0x00000000c04d0000, 0x00000000c0550000)
 tenured generation   total 10944K, used 7212K [0x00000000d5550000, 0x00000000d6000000, 0x0000000100000000)
   the space 10944K,  65% used [0x00000000d5550000, 0x00000000d5c5b100, 0x00000000d5c5b200, 0x00000000d6000000)
 Metaspace       used 15308K, capacity 15610K, committed 15872K, reserved 1062912K
  class space    used 2119K, capacity 2243K, committed 2304K, reserved 1048576K
}
Event: 1.443 GC heap before
{Heap before GC invocations=24 (full 0):
 def new generation   total 4928K, used 4928K [0x00000000c0000000, 0x00000000c0550000, 0x00000000d5550000)
  eden space 4416K, 100% used [0x00000000c0000000, 0x00000000c0450000, 0x00000000c0450000)
  from space 512K, 100% used [0x00000000c0450000, 0x00000000c04d0000, 0x00000000c04d0000)
  to   space 512K,   0% used [0x00000000c04d0000, 0x00000000c04d0000, 0x00000000c0550000)
 tenured generation   total 10944K, used 7212K [0x00000000d5550000, 0x00000000d6000000, 0x0000000100000000)
   the space 10944K,  65% used [0x00000000d5550000, 0x00000000d5c5b100, 0x00000000d5c5b200, 0x00000000d6000000)
 Metaspace       used 15964K, capacity 16282K, committed 16512K, reserved 1062912K
  class space    used 2219K, capacity 2339K, committed 2432K, reserved 1048576K
Event: 1.446 GC heap after
Heap after GC invocations=25 (full 0):
 def new generation   total 4928K, used 512K [0x00000000c0000000, 0x00000000c0550000, 0x00000000d5550000)
  eden space 4416K,   0% used [0x00000000c0000000, 0x00000000c0000000, 0x00000000c0450000)
  from space 512K, 100% used [0x00000000c04d0000, 0x00000000c0550000, 0x00000000c0550000)
  to   space 512K,   0% used [0x00000000c0450000, 0x00000000c0450000, 0x00000000c04d0000)
 tenured generation   total 10944K, used 7680K [0x00000000d5550000, 0x00000000d6000000, 0x0000000100000000)
   the space 10944K,  70% used [0x00000000d5550000, 0x00000000d5cd02b0, 0x00000000d5cd0400, 0x00000000d6000000)
 Metaspace       used 15964K, capacity 16282K, committed 16512K, reserved 1062912K
  class space    used 2219K, capacity 2339K, committed 2432K, reserved 1048576K
}
Event: 1.475 GC heap before
{Heap before GC invocations=25 (full 0):
 def new generation   total 4928K, used 4928K [0x00000000c0000000, 0x00000000c0550000, 0x00000000d5550000)
  eden space 4416K, 100% used [0x00000000c0000000, 0x00000000c0450000, 0x00000000c0450000)
  from space 512K, 100% used [0x00000000c04d0000, 0x00000000c0550000, 0x00000000c0550000)
  to   space 512K,   0% used [0x00000000c0450000, 0x00000000c0450000, 0x00000000c04d0000)
 tenured generation   total 10944K, used 7680K [0x00000000d5550000, 0x00000000d6000000, 0x0000000100000000)
   the space 10944K,  70% used [0x00000000d5550000, 0x00000000d5cd02b0, 0x00000000d5cd0400, 0x00000000d6000000)
 Metaspace       used 16190K, capacity 16474K, committed 16512K, reserved 1062912K
  class space    used 2268K, capacity 2403K, committed 2432K, reserved 1048576K
Event: 1.477 GC heap after
Heap after GC invocations=26 (full 0):
 def new generation   total 4928K, used 296K [0x00000000c0000000, 0x00000000c0550000, 0x00000000d5550000)
  eden space 4416K,   0% used [0x00000000c0000000, 0x00000000c0000000, 0x00000000c0450000)
  from space 512K,  57% used [0x00000000c0450000, 0x00000000c049a278, 0x00000000c04d0000)
  to   space 512K,   0% used [0x00000000c04d0000, 0x00000000c04d0000, 0x00000000c0550000)
 tenured generation   total 10944K, used 7799K [0x00000000d5550000, 0x00000000d6000000, 0x0000000100000000)
   the space 10944K,  71% used [0x00000000d5550000, 0x00000000d5cedc18, 0x00000000d5cede00, 0x00000000d6000000)
 Metaspace       used 16190K, capacity 16474K, committed 16512K, reserved 1062912K
  class space    used 2268K, capacity 2403K, committed 2432K, reserved 1048576K
}
Event: 1.520 GC heap before
{Heap before GC invocations=26 (full 0):
 def new generation   total 4928K, used 4712K [0x00000000c0000000, 0x00000000c0550000, 0x00000000d5550000)
  eden space 4416K, 100% used [0x00000000c0000000, 0x00000000c0450000, 0x00000000c0450000)
  from space 512K,  57% used [0x00000000c0450000, 0x00000000c049a278, 0x00000000c04d0000)
  to   space 512K,   0% used [0x00000000c04d0000, 0x00000000c04d0000, 0x00000000c0550000)
 tenured generation   total 10944K, used 7799K [0x00000000d5550000, 0x00000000d6000000, 0x0000000100000000)
   the space 10944K,  71% used [0x00000000d5550000, 0x00000000d5cedc18, 0x00000000d5cede00, 0x00000000d6000000)
 Metaspace       used 16617K, capacity 16890K, committed 17152K, reserved 1064960K
  class space    used 2338K, capacity 2435K, committed 2560K, reserved 1048576K
Event: 1.523 GC heap after
Heap after GC invocations=27 (full 0):
 def new generation   total 4928K, used 507K [0x00000000c0000000, 0x00000000c0550000, 0x00000000d5550000)
  eden space 4416K,   0% used [0x00000000c0000000, 0x00000000c0000000, 0x00000000c0450000)
  from space 512K,  99% used [0x00000000c04d0000, 0x00000000c054ee18, 0x00000000c0550000)
  to   space 512K,   0% used [0x00000000c0450000, 0x00000000c0450000, 0x00000000c04d0000)
 tenured generation   total 10944K, used 7865K [0x00000000d5550000, 0x00000000d6000000, 0x0000000100000000)
   the space 10944K,  71% used [0x00000000d5550000, 0x00000000d5cfe6d8, 0x00000000d5cfe800, 0x00000000d6000000)
 Metaspace       used 16617K, capacity 16890K, committed 17152K, reserved 1064960K
  class space    used 2338K, capacity 2435K, committed 2560K, reserved 1048576K
}
Event: 1.586 GC heap before
{Heap before GC invocations=27 (full 0):
 def new generation   total 4928K, used 4923K [0x00000000c0000000, 0x00000000c0550000, 0x00000000d5550000)
  eden space 4416K, 100% used [0x00000000c0000000, 0x00000000c0450000, 0x00000000c0450000)
  from space 512K,  99% used [0x00000000c04d0000, 0x00000000c054ee18, 0x00000000c0550000)
  to   space 512K,   0% used [0x00000000c0450000, 0x00000000c0450000, 0x00000000c04d0000)
 tenured generation   total 10944K, used 7865K [0x00000000d5550000, 0x00000000d6000000, 0x0000000100000000)
   the space 10944K,  71% used [0x00000000d5550000, 0x00000000d5cfe6d8, 0x00000000d5cfe800, 0x00000000d6000000)
 Metaspace       used 17109K, capacity 17434K, committed 17664K, reserved 1064960K
  class space    used 2421K, capacity 2531K, committed 2560K, reserved 1048576K
Event: 1.589 GC heap after
Heap after GC invocations=28 (full 0):
 def new generation   total 4928K, used 511K [0x00000000c0000000, 0x00000000c0550000, 0x00000000d5550000)
  eden space 4416K,   0% used [0x00000000c0000000, 0x00000000c0000000, 0x00000000c0450000)
  from space 512K,  99% used [0x00000000c0450000, 0x00000000c04cffc0, 0x00000000c04d0000)
  to   space 512K,   0% used [0x00000000c04d0000, 0x00000000c04d0000, 0x00000000c0550000)
 tenured generation   total 10944K, used 8020K [0x00000000d5550000, 0x00000000d6000000, 0x0000000100000000)
   the space 10944K,  73% used [0x00000000d5550000, 0x00000000d5d25308, 0x00000000d5d25400, 0x00000000d6000000)
 Metaspace       used 17109K, capacity 17434K, committed 17664K, reserved 1064960K
  class space    used 2421K, capacity 2531K, committed 2560K, reserved 1048576K
}
Event: 1.644 GC heap before
{Heap before GC invocations=28 (full 0):
 def new generation   total 4928K, used 4927K [0x00000000c0000000, 0x00000000c0550000, 0x00000000d5550000)
  eden space 4416K, 100% used [0x00000000c0000000, 0x00000000c0450000, 0x00000000c0450000)
  from space 512K,  99% used [0x00000000c0450000, 0x00000000c04cffc0, 0x00000000c04d0000)
  to   space 512K,   0% used [0x00000000c04d0000, 0x00000000c04d0000, 0x00000000c0550000)
 tenured generation   total 10944K, used 8020K [0x00000000d5550000, 0x00000000d6000000, 0x0000000100000000)
   the space 10944K,  73% used [0x00000000d5550000, 0x00000000d5d25308, 0x00000000d5d25400, 0x00000000d6000000)
 Metaspace       used 17630K, capacity 17984K, committed 18048K, reserved 1064960K
  class space    used 2494K, capacity 2628K, committed 2688K, reserved 1048576K
Event: 1.647 GC heap after
Heap after GC invocations=29 (full 0):
 def new generation   total 4928K, used 499K [0x00000000c0000000, 0x00000000c0550000, 0x00000000d5550000)
  eden space 4416K,   0% used [0x00000000c0000000, 0x00000000c0000000, 0x00000000c0450000)
  from space 512K,  97% used [0x00000000c04d0000, 0x00000000c054cd08, 0x00000000c0550000)
  to   space 512K,   0% used [0x00000000c0450000, 0x00000000c0450000, 0x00000000c04d0000)
 tenured generation   total 10944K, used 8156K [0x00000000d5550000, 0x00000000d6000000, 0x0000000100000000)
   the space 10944K,  74% used [0x00000000d5550000, 0x00000000d5d47170, 0x00000000d5d47200, 0x00000000d6000000)
 Metaspace       used 17630K, capacity 17984K, committed 18048K, reserved 1064960K
  class space    used 2494K, capacity 2628K, committed 2688K, reserved 1048576K
}
Event: 1.690 GC heap before
{Heap before GC invocations=29 (full 0):
 def new generation   total 4928K, used 4915K [0x00000000c0000000, 0x00000000c0550000, 0x00000000d5550000)
  eden space 4416K, 100% used [0x00000000c0000000, 0x00000000c0450000, 0x00000000c0450000)
  from space 512K,  97% used [0x00000000c04d0000, 0x00000000c054cd08, 0x00000000c0550000)
  to   space 512K,   0% used [0x00000000c0450000, 0x00000000c0450000, 0x00000000c04d0000)
 tenured generation   total 10944K, used 8156K [0x00000000d5550000, 0x00000000d6000000, 0x0000000100000000)
   the space 10944K,  74% used [0x00000000d5550000, 0x00000000d5d47170, 0x00000000d5d47200, 0x00000000d6000000)
 Metaspace       used 18254K, capacity 18592K, committed 18688K, reserved 1064960K
  class space    used 2575K, capacity 2724K, committed 2816K, reserved 1048576K
Event: 1.693 GC heap after
Heap after GC invocations=30 (full 0):
 def new generation   total 4928K, used 512K [0x00000000c0000000, 0x00000000c0550000, 0x00000000d5550000)
  eden space 4416K,   0% used [0x00000000c0000000, 0x00000000c0000000, 0x00000000c0450000)
  from space 512K, 100% used [0x00000000c0450000, 0x00000000c04d0000, 0x00000000c04d0000)
  to   space 512K,   0% used [0x00000000c04d0000, 0x00000000c04d0000, 0x00000000c0550000)
 tenured generation   total 10944K, used 8587K [0x00000000d5550000, 0x00000000d6000000, 0x0000000100000000)
   the space 10944K,  78% used [0x00000000d5550000, 0x00000000d5db2e60, 0x00000000d5db3000, 0x00000000d6000000)
 Metaspace       used 18254K, capacity 18592K, committed 18688K, reserved 1064960K
  class space    used 2575K, capacity 2724K, committed 2816K, reserved 1048576K
}
Event: 1.760 GC heap before
{Heap before GC invocations=30 (full 0):
 def new generation   total 4928K, used 4928K [0x00000000c0000000, 0x00000000c0550000, 0x00000000d5550000)
  eden space 4416K, 100% used [0x00000000c0000000, 0x00000000c0450000, 0x00000000c0450000)
  from space 512K, 100% used [0x00000000c0450000, 0x00000000c04d0000, 0x00000000c04d0000)
  to   space 512K,   0% used [0x00000000c04d0000, 0x00000000c04d0000, 0x00000000c0550000)
 tenured generation   total 10944K, used 8587K [0x00000000d5550000, 0x00000000d6000000, 0x0000000100000000)
   the space 10944K,  78% used [0x00000000d5550000, 0x00000000d5db2e60, 0x00000000d5db3000, 0x00000000d6000000)
 Metaspace       used 18924K, capacity 19232K, committed 19456K, reserved 1067008K
  class space    used 2637K, capacity 2788K, committed 2816K, reserved 1048576K
Event: 1.764 GC heap after
Heap after GC invocations=31 (full 0):
 def new generation   total 4928K, used 512K [0x00000000c0000000, 0x00000000c0550000, 0x00000000d5550000)
  eden space 4416K,   0% used [0x00000000c0000000, 0x00000000c0000000, 0x00000000c0450000)
  from space 512K, 100% used [0x00000000c04d0000, 0x00000000c0550000, 0x00000000c0550000)
  to   space 512K,   0% used [0x00000000c0450000, 0x00000000c0450000, 0x00000000c04d0000)
 tenured generation   total 10944K, used 9075K [0x00000000d5550000, 0x00000000d6000000, 0x0000000100000000)
   the space 10944K,  82% used [0x00000000d5550000, 0x00000000d5e2cf08, 0x00000000d5e2d000, 0x00000000d6000000)
 Metaspace       used 18924K, capacity 19232K, committed 19456K, reserved 1067008K
  class space    used 2637K, capacity 2788K, committed 2816K, reserved 1048576K
}
Event: 1.851 GC heap before
{Heap before GC invocations=31 (full 0):
 def new generation   total 4928K, used 4928K [0x00000000c0000000, 0x00000000c0550000, 0x00000000d5550000)
  eden space 4416K, 100% used [0x00000000c0000000, 0x00000000c0450000, 0x00000000c0450000)
  from space 512K, 100% used [0x00000000c04d0000, 0x00000000c0550000, 0x00000000c0550000)
  to   space 512K,   0% used [0x00000000c0450000, 0x00000000c0450000, 0x00000000c04d0000)
 tenured generation   total 10944K, used 9075K [0x00000000d5550000, 0x00000000d6000000, 0x0000000100000000)
   the space 10944K,  82% used [0x00000000d5550000, 0x00000000d5e2cf08, 0x00000000d5e2d000, 0x00000000d6000000)
 Metaspace       used 20849K, capacity 21184K, committed 21248K, reserved 1067008K
  class space    used 2859K, capacity 3012K, committed 3072K, reserved 1048576K
Event: 1.856 GC heap after
Heap after GC invocations=32 (full 0):
 def new generation   total 4928K, used 512K [0x00000000c0000000, 0x00000000c0550000, 0x00000000d5550000)
  eden space 4416K,   0% used [0x00000000c0000000, 0x00000000c0000000, 0x00000000c0450000)
  from space 512K, 100% used [0x00000000c0450000, 0x00000000c04d0000, 0x00000000c04d0000)
  to   space 512K,   0% used [0x00000000c04d0000, 0x00000000c04d0000, 0x00000000c0550000)
 tenured generation   total 10944K, used 10233K [0x00000000d5550000, 0x00000000d6000000, 0x0000000100000000)
   the space 10944K,  93% used [0x00000000d5550000, 0x00000000d5f4e6c0, 0x00000000d5f4e800, 0x00000000d6000000)
 Metaspace       used 20849K, capacity 21184K, committed 21248K, reserved 1067008K
  class space    used 2859K, capacity 3012K, committed 3072K, reserved 1048576K
}
Event: 1.866 GC heap before
{Heap before GC invocations=32 (full 0):
 def new generation   total 4928K, used 1040K [0x00000000c0000000, 0x00000000c0550000, 0x00000000d5550000)
  eden space 4416K,  11% used [0x00000000c0000000, 0x00000000c0084388, 0x00000000c0450000)
  from space 512K, 100% used [0x00000000c0450000, 0x00000000c04d0000, 0x00000000c04d0000)
  to   space 512K,   0% used [0x00000000c04d0000, 0x00000000c04d0000, 0x00000000c0550000)
 tenured generation   total 10944K, used 10233K [0x00000000d5550000, 0x00000000d6000000, 0x0000000100000000)
   the space 10944K,  93% used [0x00000000d5550000, 0x00000000d5f4e6c0, 0x00000000d5f4e800, 0x00000000d6000000)
 Metaspace       used 20902K, capacity 21184K, committed 21248K, reserved 1067008K
  class space    used 2865K, capacity 3012K, committed 3072K, reserved 1048576K
Event: 1.904 GC heap after
Heap after GC invocations=33 (full 1):
 def new generation   total 6016K, used 0K [0x00000000c0000000, 0x00000000c0680000, 0x00000000d5550000)
  eden space 5376K,   0% used [0x00000000c0000000, 0x00000000c0000000, 0x00000000c0540000)
  from space 640K,   0% used [0x00000000c0540000, 0x00000000c0540000, 0x00000000c05e0000)
  to   space 640K,   0% used [0x00000000c05e0000, 0x00000000c05e0000, 0x00000000c0680000)
 tenured generation   total 13116K, used 7867K [0x00000000d5550000, 0x00000000d621f000, 0x0000000100000000)
   the space 13116K,  59% used [0x00000000d5550000, 0x00000000d5cfee00, 0x00000000d5cfee00, 0x00000000d621f000)
 Metaspace       used 20902K, capacity 21184K, committed 21248K, reserved 1067008K
  class space    used 2865K, capacity 3012K, committed 3072K, reserved 1048576K
}
Event: 1.991 GC heap before
{Heap before GC invocations=33 (full 1):
 def new generation   total 6016K, used 5375K [0x00000000c0000000, 0x00000000c0680000, 0x00000000d5550000)
  eden space 5376K,  99% used [0x00000000c0000000, 0x00000000c053fff0, 0x00000000c0540000)
  from space 640K,   0% used [0x00000000c0540000, 0x00000000c0540000, 0x00000000c05e0000)
  to   space 640K,   0% used [0x00000000c05e0000, 0x00000000c05e0000, 0x00000000c0680000)
 tenured generation   total 13116K, used 7867K [0x00000000d5550000, 0x00000000d621f000, 0x0000000100000000)
   the space 13116K,  59% used [0x00000000d5550000, 0x00000000d5cfee00, 0x00000000d5cfee00, 0x00000000d621f000)
 Metaspace       used 21557K, capacity 21926K, committed 22144K, reserved 1069056K
  class space    used 2967K, capacity 3109K, committed 3200K, reserved 1048576K
Event: 1.994 GC heap after
Heap after GC invocations=34 (full 1):
 def new generation   total 6016K, used 639K [0x00000000c0000000, 0x00000000c0680000, 0x00000000d5550000)
  eden space 5376K,   0% used [0x00000000c0000000, 0x00000000c0000000, 0x00000000c0540000)
  from space 640K,  99% used [0x00000000c05e0000, 0x00000000c067fff8, 0x00000000c0680000)
  to   space 640K,   0% used [0x00000000c0540000, 0x00000000c0540000, 0x00000000c05e0000)
 tenured generation   total 13116K, used 8038K [0x00000000d5550000, 0x00000000d621f000, 0x0000000100000000)
   the space 13116K,  61% used [0x00000000d5550000, 0x00000000d5d299a0, 0x00000000d5d29a00, 0x00000000d621f000)
 Metaspace       used 21557K, capacity 21926K, committed 22144K, reserved 1069056K
  class space    used 2967K, capacity 3109K, committed 3200K, reserved 1048576K
}
Event: 2.048 GC heap before
{Heap before GC invocations=34 (full 1):
 def new generation   total 6016K, used 6015K [0x00000000c0000000, 0x00000000c0680000, 0x00000000d5550000)
  eden space 5376K, 100% used [0x00000000c0000000, 0x00000000c0540000, 0x00000000c0540000)
  from space 640K,  99% used [0x00000000c05e0000, 0x00000000c067fff8, 0x00000000c0680000)
  to   space 640K,   0% used [0x00000000c0540000, 0x00000000c0540000, 0x00000000c05e0000)
 tenured generation   total 13116K, used 8038K [0x00000000d5550000, 0x00000000d621f000, 0x0000000100000000)
   the space 13116K,  61% used [0x00000000d5550000, 0x00000000d5d299a0, 0x00000000d5d29a00, 0x00000000d621f000)
 Metaspace       used 21956K, capacity 22284K, committed 22400K, reserved 1069056K
  class space    used 3032K, capacity 3142K, committed 3200K, reserved 1048576K
Event: 2.051 GC heap after
Heap after GC invocations=35 (full 1):
 def new generation   total 6016K, used 465K [0x00000000c0000000, 0x00000000c0680000, 0x00000000d5550000)
  eden space 5376K,   0% used [0x00000000c0000000, 0x00000000c0000000, 0x00000000c0540000)
  from space 640K,  72% used [0x00000000c0540000, 0x00000000c05b4418, 0x00000000c05e0000)
  to   space 640K,   0% used [0x00000000c05e0000, 0x00000000c05e0000, 0x00000000c0680000)
 tenured generation   total 13116K, used 8415K [0x00000000d5550000, 0x00000000d621f000, 0x0000000100000000)
   the space 13116K,  64% used [0x00000000d5550000, 0x00000000d5d87c30, 0x00000000d5d87e00, 0x00000000d621f000)
 Metaspace       used 21956K, capacity 22284K, committed 22400K, reserved 1069056K
  class space    used 3032K, capacity 3142K, committed 3200K, reserved 1048576K
}
Event: 2.103 GC heap before
{Heap before GC invocations=35 (full 1):
 def new generation   total 6016K, used 5837K [0x00000000c0000000, 0x00000000c0680000, 0x00000000d5550000)
  eden space 5376K,  99% used [0x00000000c0000000, 0x00000000c053f200, 0x00000000c0540000)
  from space 640K,  72% used [0x00000000c0540000, 0x00000000c05b4418, 0x00000000c05e0000)
  to   space 640K,   0% used [0x00000000c05e0000, 0x00000000c05e0000, 0x00000000c0680000)
 tenured generation   total 13116K, used 8415K [0x00000000d5550000, 0x00000000d621f000, 0x0000000100000000)
   the space 13116K,  64% used [0x00000000d5550000, 0x00000000d5d87c30, 0x00000000d5d87e00, 0x00000000d621f000)
 Metaspace       used 22356K, capacity 22668K, committed 23040K, reserved 1069056K
  class space    used 3095K, capacity 3206K, committed 3328K, reserved 1048576K
Event: 2.105 GC heap after
Heap after GC invocations=36 (full 1):
 def new generation   total 6016K, used 556K [0x00000000c0000000, 0x00000000c0680000, 0x00000000d5550000)
  eden space 5376K,   0% used [0x00000000c0000000, 0x00000000c0000000, 0x00000000c0540000)
  from space 640K,  86% used [0x00000000c05e0000, 0x00000000c066b0b0, 0x00000000c0680000)
  to   space 640K,   0% used [0x00000000c0540000, 0x00000000c0540000, 0x00000000c05e0000)
 tenured generation   total 13116K, used 8600K [0x00000000d5550000, 0x00000000d621f000, 0x0000000100000000)
   the space 13116K,  65% used [0x00000000d5550000, 0x00000000d5db6058, 0x00000000d5db6200, 0x00000000d621f000)
 Metaspace       used 22356K, capacity 22668K, committed 23040K, reserved 1069056K
  class space    used 3095K, capacity 3206K, committed 3328K, reserved 1048576K
}
Event: 2.153 GC heap before
{Heap before GC invocations=36 (full 1):
 def new generation   total 6016K, used 5932K [0x00000000c0000000, 0x00000000c0680000, 0x00000000d5550000)
  eden space 5376K, 100% used [0x00000000c0000000, 0x00000000c0540000, 0x00000000c0540000)
  from space 640K,  86% used [0x00000000c05e0000, 0x00000000c066b0b0, 0x00000000c0680000)
  to   space 640K,   0% used [0x00000000c0540000, 0x00000000c0540000, 0x00000000c05e0000)
 tenured generation   total 13116K, used 8600K [0x00000000d5550000, 0x00000000d621f000, 0x0000000100000000)
   the space 13116K,  65% used [0x00000000d5550000, 0x00000000d5db6058, 0x00000000d5db6200, 0x00000000d621f000)
 Metaspace       used 22859K, capacity 23244K, committed 23552K, reserved 1069056K
  class space    used 3173K, capacity 3270K, committed 3328K, reserved 1048576K
Event: 2.156 GC heap after
Heap after GC invocations=37 (full 1):
 def new generation   total 6016K, used 604K [0x00000000c0000000, 0x00000000c0680000, 0x00000000d5550000)
  eden space 5376K,   0% used [0x00000000c0000000, 0x00000000c0000000, 0x00000000c0540000)
  from space 640K,  94% used [0x00000000c0540000, 0x00000000c05d7170, 0x00000000c05e0000)
  to   space 640K,   0% used [0x00000000c05e0000, 0x00000000c05e0000, 0x00000000c0680000)
 tenured generation   total 13116K, used 8715K [0x00000000d5550000, 0x00000000d621f000, 0x0000000100000000)
   the space 13116K,  66% used [0x00000000d5550000, 0x00000000d5dd2e40, 0x00000000d5dd3000, 0x00000000d621f000)
 Metaspace       used 22859K, capacity 23244K, committed 23552K, reserved 1069056K
  class space    used 3173K, capacity 3270K, committed 3328K, reserved 1048576K
}
Event: 2.230 GC heap before
{Heap before GC invocations=37 (full 1):
 def new generation   total 6016K, used 5980K [0x00000000c0000000, 0x00000000c0680000, 0x00000000d5550000)
  eden space 5376K, 100% used [0x00000000c0000000, 0x00000000c0540000, 0x00000000c0540000)
  from space 640K,  94% used [0x00000000c0540000, 0x00000000c05d7170, 0x00000000c05e0000)
  to   space 640K,   0% used [0x00000000c05e0000, 0x00000000c05e0000, 0x00000000c0680000)
 tenured generation   total 13116K, used 8715K [0x00000000d5550000, 0x00000000d621f000, 0x0000000100000000)
   the space 13116K,  66% used [0x00000000d5550000, 0x00000000d5dd2e40, 0x00000000d5dd3000, 0x00000000d621f000)
 Metaspace       used 23473K, capacity 23820K, committed 23936K, reserved 1069056K
  class space    used 3289K, capacity 3398K, committed 3456K, reserved 1048576K
Event: 2.232 GC heap after
Heap after GC invocations=38 (full 1):
 def new generation   total 6016K, used 639K [0x00000000c0000000, 0x00000000c0680000, 0x00000000d5550000)
  eden space 5376K,   0% used [0x00000000c0000000, 0x00000000c0000000, 0x00000000c0540000)
  from space 640K,  99% used [0x00000000c05e0000, 0x00000000c067ffb0, 0x00000000c0680000)
  to   space 640K,   0% used [0x00000000c0540000, 0x00000000c0540000, 0x00000000c05e0000)
 tenured generation   total 13116K, used 8867K [0x00000000d5550000, 0x00000000d621f000, 0x0000000100000000)
   the space 13116K,  67% used [0x00000000d5550000, 0x00000000d5df8ee8, 0x00000000d5df9000, 0x00000000d621f000)
 Metaspace       used 23473K, capacity 23820K, committed 23936K, reserved 1069056K
  class space    used 3289K, capacity 3398K, committed 3456K, reserved 1048576K
}
Event: 2.286 GC heap before
{Heap before GC invocations=38 (full 1):
 def new generation   total 6016K, used 6015K [0x00000000c0000000, 0x00000000c0680000, 0x00000000d5550000)
  eden space 5376K, 100% used [0x00000000c0000000, 0x00000000c0540000, 0x00000000c0540000)
  from space 640K,  99% used [0x00000000c05e0000, 0x00000000c067ffb0, 0x00000000c0680000)
  to   space 640K,   0% used [0x00000000c0540000, 0x00000000c0540000, 0x00000000c05e0000)
 tenured generation   total 13116K, used 8867K [0x00000000d5550000, 0x00000000d621f000, 0x0000000100000000)
   the space 13116K,  67% used [0x00000000d5550000, 0x00000000d5df8ee8, 0x00000000d5df9000, 0x00000000d621f000)
 Metaspace       used 23843K, capacity 24140K, committed 24320K, reserved 1071104K
  class space    used 3348K, capacity 3462K, committed 3584K, reserved 1048576K
Event: 2.288 GC heap after
Heap after GC invocations=39 (full 1):
 def new generation   total 6016K, used 460K [0x00000000c0000000, 0x00000000c0680000, 0x00000000d5550000)
  eden space 5376K,   0% used [0x00000000c0000000, 0x00000000c0000000, 0x00000000c0540000)
  from space 640K,  72% used [0x00000000c0540000, 0x00000000c05b33e0, 0x00000000c05e0000)
  to   space 640K,   0% used [0x00000000c05e0000, 0x00000000c05e0000, 0x00000000c0680000)
 tenured generation   total 13116K, used 9043K [0x00000000d5550000, 0x00000000d621f000, 0x0000000100000000)
   the space 13116K,  68% used [0x00000000d5550000, 0x00000000d5e24d38, 0x00000000d5e24e00, 0x00000000d621f000)
 Metaspace       used 23843K, capacity 24140K, committed 24320K, reserved 1071104K
  class space    used 3348K, capacity 3462K, committed 3584K, reserved 1048576K
}
Event: 2.335 GC heap before
{Heap before GC invocations=39 (full 1):
 def new generation   total 6016K, used 5836K [0x00000000c0000000, 0x00000000c0680000, 0x00000000d5550000)
  eden space 5376K, 100% used [0x00000000c0000000, 0x00000000c0540000, 0x00000000c0540000)
  from space 640K,  72% used [0x00000000c0540000, 0x00000000c05b33e0, 0x00000000c05e0000)
  to   space 640K,   0% used [0x00000000c05e0000, 0x00000000c05e0000, 0x00000000c0680000)
 tenured generation   total 13116K, used 9043K [0x00000000d5550000, 0x00000000d621f000, 0x0000000100000000)
   the space 13116K,  68% used [0x00000000d5550000, 0x00000000d5e24d38, 0x00000000d5e24e00, 0x00000000d621f000)
 Metaspace       used 24690K, capacity 25036K, committed 25344K, reserved 1071104K
  class space    used 3403K, capacity 3526K, committed 3584K, reserved 1048576K
Event: 2.338 GC heap after
Heap after GC invocations=40 (full 1):
 def new generation   total 6016K, used 360K [0x00000000c0000000, 0x00000000c0680000, 0x00000000d5550000)
  eden space 5376K,   0% used [0x00000000c0000000, 0x00000000c0000000, 0x00000000c0540000)
  from space 640K,  56% used [0x00000000c05e0000, 0x00000000c063a050, 0x00000000c0680000)
  to   space 640K,   0% used [0x00000000c0540000, 0x00000000c0540000, 0x00000000c05e0000)
 tenured generation   total 13116K, used 9149K [0x00000000d5550000, 0x00000000d621f000, 0x0000000100000000)
   the space 13116K,  69% used [0x00000000d5550000, 0x00000000d5e3f688, 0x00000000d5e3f800, 0x00000000d621f000)
 Metaspace       used 24690K, capacity 25036K, committed 25344K, reserved 1071104K
  class space    used 3403K, capacity 3526K, committed 3584K, reserved 1048576K
}
Event: 2.417 GC heap before
{Heap before GC invocations=40 (full 1):
 def new generation   total 6016K, used 5736K [0x00000000c0000000, 0x00000000c0680000, 0x00000000d5550000)
  eden space 5376K, 100% used [0x00000000c0000000, 0x00000000c0540000, 0x00000000c0540000)
  from space 640K,  56% used [0x00000000c05e0000, 0x00000000c063a050, 0x00000000c0680000)
  to   space 640K,   0% used [0x00000000c0540000, 0x00000000c0540000, 0x00000000c05e0000)
 tenured generation   total 13116K, used 9149K [0x00000000d5550000, 0x00000000d621f000, 0x0000000100000000)
   the space 13116K,  69% used [0x00000000d5550000, 0x00000000d5e3f688, 0x00000000d5e3f800, 0x00000000d621f000)
 Metaspace       used 25296K, capacity 25624K, committed 25728K, reserved 1071104K
  class space    used 3524K, capacity 3656K, committed 3712K, reserved 1048576K
Event: 2.420 GC heap after
Heap after GC invocations=41 (full 1):
 def new generation   total 6016K, used 640K [0x00000000c0000000, 0x00000000c0680000, 0x00000000d5550000)
  eden space 5376K,   0% used [0x00000000c0000000, 0x00000000c0000000, 0x00000000c0540000)
  from space 640K, 100% used [0x00000000c0540000, 0x00000000c05e0000, 0x00000000c05e0000)
  to   space 640K,   0% used [0x00000000c05e0000, 0x00000000c05e0000, 0x00000000c0680000)
 tenured generation   total 13116K, used 9269K [0x00000000d5550000, 0x00000000d621f000, 0x0000000100000000)
   the space 13116K,  70% used [0x00000000d5550000, 0x00000000d5e5d470, 0x00000000d5e5d600, 0x00000000d621f000)
 Metaspace       used 25296K, capacity 25624K, committed 25728K, reserved 1071104K
  class space    used 3524K, capacity 3656K, committed 3712K, reserved 1048576K
}
Event: 2.512 GC heap before
{Heap before GC invocations=41 (full 1):
 def new generation   total 6016K, used 6016K [0x00000000c0000000, 0x00000000c0680000, 0x00000000d5550000)
  eden space 5376K, 100% used [0x00000000c0000000, 0x00000000c0540000, 0x00000000c0540000)
  from space 640K, 100% used [0x00000000c0540000, 0x00000000c05e0000, 0x00000000c05e0000)
  to   space 640K,   0% used [0x00000000c05e0000, 0x00000000c05e0000, 0x00000000c0680000)
 tenured generation   total 13116K, used 9269K [0x00000000d5550000, 0x00000000d621f000, 0x0000000100000000)
   the space 13116K,  70% used [0x00000000d5550000, 0x00000000d5e5d470, 0x00000000d5e5d600, 0x00000000d621f000)
 Metaspace       used 26001K, capacity 26296K, committed 26624K, reserved 1073152K
  class space    used 3630K, capacity 3752K, committed 3840K, reserved 1048576K
Event: 2.516 GC heap after
Heap after GC invocations=42 (full 1):
 def new generation   total 6016K, used 639K [0x00000000c0000000, 0x00000000c0680000, 0x00000000d5550000)
  eden space 5376K,   0% used [0x00000000c0000000, 0x00000000c0000000, 0x00000000c0540000)
  from space 640K,  99% used [0x00000000c05e0000, 0x00000000c067fff0, 0x00000000c0680000)
  to   space 640K,   0% used [0x00000000c0540000, 0x00000000c0540000, 0x00000000c05e0000)
 tenured generation   total 13116K, used 9638K [0x00000000d5550000, 0x00000000d621f000, 0x0000000100000000)
   the space 13116K,  73% used [0x00000000d5550000, 0x00000000d5eb9a10, 0x00000000d5eb9c00, 0x00000000d621f000)
 Metaspace       used 26001K, capacity 26296K, committed 26624K, reserved 1073152K
  class space    used 3630K, capacity 3752K, committed 3840K, reserved 1048576K
}
Event: 2.611 GC heap before
{Heap before GC invocations=42 (full 1):
 def new generation   total 6016K, used 6015K [0x00000000c0000000, 0x00000000c0680000, 0x00000000d5550000)
  eden space 5376K, 100% used [0x00000000c0000000, 0x00000000c0540000, 0x00000000c0540000)
  from space 640K,  99% used [0x00000000c05e0000, 0x00000000c067fff0, 0x00000000c0680000)
  to   space 640K,   0% used [0x00000000c0540000, 0x00000000c0540000, 0x00000000c05e0000)
 tenured generation   total 13116K, used 9638K [0x00000000d5550000, 0x00000000d621f000, 0x0000000100000000)
   the space 13116K,  73% used [0x00000000d5550000, 0x00000000d5eb9a10, 0x00000000d5eb9c00, 0x00000000d621f000)
 Metaspace       used 26766K, capacity 27096K, committed 27264K, reserved 1073152K
  class space    used 3748K, capacity 3848K, committed 3968K, reserved 1048576K
Event: 2.615 GC heap after
Heap after GC invocations=43 (full 1):
 def new generation   total 6016K, used 640K [0x00000000c0000000, 0x00000000c0680000, 0x00000000d5550000)
  eden space 5376K,   0% used [0x00000000c0000000, 0x00000000c0000000, 0x00000000c0540000)
  from space 640K, 100% used [0x00000000c0540000, 0x00000000c05e0000, 0x00000000c05e0000)
  to   space 640K,   0% used [0x00000000c05e0000, 0x00000000c05e0000, 0x00000000c0680000)
 tenured generation   total 13116K, used 9977K [0x00000000d5550000, 0x00000000d621f000, 0x0000000100000000)
   the space 13116K,  76% used [0x00000000d5550000, 0x00000000d5f0e408, 0x00000000d5f0e600, 0x00000000d621f000)
 Metaspace       used 26766K, capacity 27096K, committed 27264K, reserved 1073152K
  class space    used 3748K, capacity 3848K, committed 3968K, reserved 1048576K
}
Event: 2.702 GC heap before
{Heap before GC invocations=43 (full 1):
 def new generation   total 6016K, used 6016K [0x00000000c0000000, 0x00000000c0680000, 0x00000000d5550000)
  eden space 5376K, 100% used [0x00000000c0000000, 0x00000000c0540000, 0x00000000c0540000)
  from space 640K, 100% used [0x00000000c0540000, 0x00000000c05e0000, 0x00000000c05e0000)
  to   space 640K,   0% used [0x00000000c05e0000, 0x00000000c05e0000, 0x00000000c0680000)
 tenured generation   total 13116K, used 9977K [0x00000000d5550000, 0x00000000d621f000, 0x0000000100000000)
   the space 13116K,  76% used [0x00000000d5550000, 0x00000000d5f0e408, 0x00000000d5f0e600, 0x00000000d621f000)
 Metaspace       used 27147K, capacity 27448K, committed 27520K, reserved 1073152K
  class space    used 3801K, capacity 3944K, committed 3968K, reserved 1048576K
Event: 2.706 GC heap after
Heap after GC invocations=44 (full 1):
 def new generation   total 6016K, used 601K [0x00000000c0000000, 0x00000000c0680000, 0x00000000d5550000)
  eden space 5376K,   0% used [0x00000000c0000000, 0x00000000c0000000, 0x00000000c0540000)
  from space 640K,  94% used [0x00000000c05e0000, 0x00000000c0676768, 0x00000000c0680000)
  to   space 640K,   0% used [0x00000000c0540000, 0x00000000c0540000, 0x00000000c05e0000)
 tenured generation   total 13116K, used 10156K [0x00000000d5550000, 0x00000000d621f000, 0x0000000100000000)
   the space 13116K,  77% used [0x00000000d5550000, 0x00000000d5f3b088, 0x00000000d5f3b200, 0x00000000d621f000)
 Metaspace       used 27147K, capacity 27448K, committed 27520K, reserved 1073152K
  class space    used 3801K, capacity 3944K, committed 3968K, reserved 1048576K
}
Event: 2.760 GC heap before
{Heap before GC invocations=44 (full 1):
 def new generation   total 6016K, used 5977K [0x00000000c0000000, 0x00000000c0680000, 0x00000000d5550000)
  eden space 5376K, 100% used [0x00000000c0000000, 0x00000000c0540000, 0x00000000c0540000)
  from space 640K,  94% used [0x00000000c05e0000, 0x00000000c0676768, 0x00000000c0680000)
  to   space 640K,   0% used [0x00000000c0540000, 0x00000000c0540000, 0x00000000c05e0000)
 tenured generation   total 13116K, used 10156K [0x00000000d5550000, 0x00000000d621f000, 0x0000000100000000)
   the space 13116K,  77% used [0x00000000d5550000, 0x00000000d5f3b088, 0x00000000d5f3b200, 0x00000000d621f000)
 Metaspace       used 27755K, capacity 28056K, committed 28160K, reserved 1073152K
  class space    used 3902K, capacity 4040K, committed 4096K, reserved 1048576K
Event: 2.763 GC heap after
Heap after GC invocations=45 (full 1):
 def new generation   total 6016K, used 640K [0x00000000c0000000, 0x00000000c0680000, 0x00000000d5550000)
  eden space 5376K,   0% used [0x00000000c0000000, 0x00000000c0000000, 0x00000000c0540000)
  from space 640K, 100% used [0x00000000c0540000, 0x00000000c05e0000, 0x00000000c05e0000)
  to   space 640K,   0% used [0x00000000c05e0000, 0x00000000c05e0000, 0x00000000c0680000)
 tenured generation   total 13116K, used 10493K [0x00000000d5550000, 0x00000000d621f000, 0x0000000100000000)
   the space 13116K,  80% used [0x00000000d5550000, 0x00000000d5f8f520, 0x00000000d5f8f600, 0x00000000d621f000)
 Metaspace       used 27755K, capacity 28056K, committed 28160K, reserved 1073152K
  class space    used 3902K, capacity 4040K, committed 4096K, reserved 1048576K
}
Event: 2.892 GC heap before
{Heap before GC invocations=45 (full 1):
 def new generation   total 6016K, used 6016K [0x00000000c0000000, 0x00000000c0680000, 0x00000000d5550000)
  eden space 5376K, 100% used [0x00000000c0000000, 0x00000000c0540000, 0x00000000c0540000)
  from space 640K, 100% used [0x00000000c0540000, 0x00000000c05e0000, 0x00000000c05e0000)
  to   space 640K,   0% used [0x00000000c05e0000, 0x00000000c05e0000, 0x00000000c0680000)
 tenured generation   total 13116K, used 10493K [0x00000000d5550000, 0x00000000d621f000, 0x0000000100000000)
   the space 13116K,  80% used [0x00000000d5550000, 0x00000000d5f8f520, 0x00000000d5f8f600, 0x00000000d621f000)
 Metaspace       used 28700K, capacity 29086K, committed 29312K, reserved 1075200K
  class space    used 3980K, capacity 4105K, committed 4224K, reserved 1048576K
Event: 2.895 GC heap after
Heap after GC invocations=46 (full 1):
 def new generation   total 6016K, used 639K [0x00000000c0000000, 0x00000000c0680000, 0x00000000d5550000)
  eden space 5376K,   0% used [0x00000000c0000000, 0x00000000c0000000, 0x00000000c0540000)
  from space 640K,  99% used [0x00000000c05e0000, 0x00000000c067fff0, 0x00000000c0680000)
  to   space 640K,   0% used [0x00000000c0540000, 0x00000000c0540000, 0x00000000c05e0000)
 tenured generation   total 13116K, used 10808K [0x00000000d5550000, 0x00000000d621f000, 0x0000000100000000)
   the space 13116K,  82% used [0x00000000d5550000, 0x00000000d5fde218, 0x00000000d5fde400, 0x00000000d621f000)
 Metaspace       used 28700K, capacity 29086K, committed 29312K, reserved 1075200K
  class space    used 3980K, capacity 4105K, committed 4224K, reserved 1048576K
}
Event: 2.974 GC heap before
{Heap before GC invocations=46 (full 1):
 def new generation   total 6016K, used 6015K [0x00000000c0000000, 0x00000000c0680000, 0x00000000d5550000)
  eden space 5376K, 100% used [0x00000000c0000000, 0x00000000c0540000, 0x00000000c0540000)
  from space 640K,  99% used [0x00000000c05e0000, 0x00000000c067fff0, 0x00000000c0680000)
  to   space 640K,   0% used [0x00000000c0540000, 0x00000000c0540000, 0x00000000c05e0000)
 tenured generation   total 13116K, used 10808K [0x00000000d5550000, 0x00000000d621f000, 0x0000000100000000)
   the space 13116K,  82% used [0x00000000d5550000, 0x00000000d5fde218, 0x00000000d5fde400, 0x00000000d621f000)
 Metaspace       used 29578K, capacity 29956K, committed 30080K, reserved 1075200K
  class space    used 4058K, capacity 4202K, committed 4224K, reserved 1048576K
Event: 2.978 GC heap after
Heap after GC invocations=47 (full 1):
 def new generation   total 6016K, used 639K [0x00000000c0000000, 0x00000000c0680000, 0x00000000d5550000)
  eden space 5376K,   0% used [0x00000000c0000000, 0x00000000c0000000, 0x00000000c0540000)
  from space 640K,  99% used [0x00000000c0540000, 0x00000000c05dfff8, 0x00000000c05e0000)
  to   space 640K,   0% used [0x00000000c05e0000, 0x00000000c05e0000, 0x00000000c0680000)
 tenured generation   total 13116K, used 11566K [0x00000000d5550000, 0x00000000d621f000, 0x0000000100000000)
   the space 13116K,  88% used [0x00000000d5550000, 0x00000000d609b9a8, 0x00000000d609ba00, 0x00000000d621f000)
 Metaspace       used 29578K, capacity 29956K, committed 30080K, reserved 1075200K
  class space    used 4058K, capacity 4202K, committed 4224K, reserved 1048576K
}
Event: 3.023 GC heap before
{Heap before GC invocations=47 (full 1):
 def new generation   total 6016K, used 5372K [0x00000000c0000000, 0x00000000c0680000, 0x00000000d5550000)
  eden space 5376K,  88% used [0x00000000c0000000, 0x00000000c049f218, 0x00000000c0540000)
  from space 640K,  99% used [0x00000000c0540000, 0x00000000c05dfff8, 0x00000000c05e0000)
  to   space 640K,   0% used [0x00000000c05e0000, 0x00000000c05e0000, 0x00000000c0680000)
 tenured generation   total 13116K, used 11566K [0x00000000d5550000, 0x00000000d621f000, 0x0000000100000000)
   the space 13116K,  88% used [0x00000000d5550000, 0x00000000d609b9a8, 0x00000000d609ba00, 0x00000000d621f000)
 Metaspace       used 29704K, capacity 30030K, committed 30336K, reserved 1075200K
  class space    used 4071K, capacity 4204K, committed 4224K, reserved 1048576K
Event: 3.026 GC heap after
Heap after GC invocations=48 (full 1):
 def new generation   total 6016K, used 297K [0x00000000c0000000, 0x00000000c0680000, 0x00000000d5550000)
  eden space 5376K,   0% used [0x00000000c0000000, 0x00000000c0000000, 0x00000000c0540000)
  from space 640K,  46% used [0x00000000c05e0000, 0x00000000c062a5d8, 0x00000000c0680000)
  to   space 640K,   0% used [0x00000000c0540000, 0x00000000c0540000, 0x00000000c05e0000)
 tenured generation   total 13116K, used 12941K [0x00000000d5550000, 0x00000000d621f000, 0x0000000100000000)
   the space 13116K,  98% used [0x00000000d5550000, 0x00000000d61f3448, 0x00000000d61f3600, 0x00000000d621f000)
 Metaspace       used 29704K, capacity 30030K, committed 30336K, reserved 1075200K
  class space    used 4071K, capacity 4204K, committed 4224K, reserved 1048576K
}
Event: 3.163 GC heap before
{Heap before GC invocations=48 (full 1):
 def new generation   total 6016K, used 5673K [0x00000000c0000000, 0x00000000c0680000, 0x00000000d5550000)
  eden space 5376K, 100% used [0x00000000c0000000, 0x00000000c0540000, 0x00000000c0540000)
  from space 640K,  46% used [0x00000000c05e0000, 0x00000000c062a5d8, 0x00000000c0680000)
  to   space 640K,   0% used [0x00000000c0540000, 0x00000000c0540000, 0x00000000c05e0000)
 tenured generation   total 13116K, used 12941K [0x00000000d5550000, 0x00000000d621f000, 0x0000000100000000)
   the space 13116K,  98% used [0x00000000d5550000, 0x00000000d61f3448, 0x00000000d61f3600, 0x00000000d621f000)
 Metaspace       used 31097K, capacity 31486K, committed 31744K, reserved 1077248K
  class space    used 4160K, capacity 4308K, committed 4352K, reserved 1048576K
Event: 3.203 GC heap after
Heap after GC invocations=49 (full 2):
 def new generation   total 8320K, used 0K [0x00000000c0000000, 0x00000000c0900000, 0x00000000d5550000)
  eden space 7424K,   0% used [0x00000000c0000000, 0x00000000c0000000, 0x00000000c0740000)
  from space 896K,   0% used [0x00000000c0740000, 0x00000000c0740000, 0x00000000c0820000)
  to   space 896K,   0% used [0x00000000c0820000, 0x00000000c0820000, 0x00000000c0900000)
 tenured generation   total 18260K, used 10955K [0x00000000d5550000, 0x00000000d6725000, 0x0000000100000000)
   the space 18260K,  59% used [0x00000000d5550000, 0x00000000d6002ca0, 0x00000000d6002e00, 0x00000000d6725000)
 Metaspace       used 31097K, capacity 31486K, committed 31744K, reserved 1077248K
  class space    used 4160K, capacity 4308K, committed 4352K, reserved 1048576K
}
Event: 3.309 GC heap before
{Heap before GC invocations=49 (full 2):
 def new generation   total 8320K, used 7424K [0x00000000c0000000, 0x00000000c0900000, 0x00000000d5550000)
  eden space 7424K, 100% used [0x00000000c0000000, 0x00000000c0740000, 0x00000000c0740000)
  from space 896K,   0% used [0x00000000c0740000, 0x00000000c0740000, 0x00000000c0820000)
  to   space 896K,   0% used [0x00000000c0820000, 0x00000000c0820000, 0x00000000c0900000)
 tenured generation   total 18260K, used 10955K [0x00000000d5550000, 0x00000000d6725000, 0x0000000100000000)
   the space 18260K,  59% used [0x00000000d5550000, 0x00000000d6002ca0, 0x00000000d6002e00, 0x00000000d6725000)
 Metaspace       used 31591K, capacity 31986K, committed 32384K, reserved 1077248K
  class space    used 4251K, capacity 4385K, committed 4480K, reserved 1048576K
Event: 3.312 GC heap after
Heap after GC invocations=50 (full 2):
 def new generation   total 8320K, used 625K [0x00000000c0000000, 0x00000000c0900000, 0x00000000d5550000)
  eden space 7424K,   0% used [0x00000000c0000000, 0x00000000c0000000, 0x00000000c0740000)
  from space 896K,  69% used [0x00000000c0820000, 0x00000000c08bc418, 0x00000000c0900000)
  to   space 896K,   0% used [0x00000000c0740000, 0x00000000c0740000, 0x00000000c0820000)
 tenured generation   total 18260K, used 10955K [0x00000000d5550000, 0x00000000d6725000, 0x0000000100000000)
   the space 18260K,  59% used [0x00000000d5550000, 0x00000000d6002ca0, 0x00000000d6002e00, 0x00000000d6725000)
 Metaspace       used 31591K, capacity 31986K, committed 32384K, reserved 1077248K
  class space    used 4251K, capacity 4385K, committed 4480K, reserved 1048576K
}
Event: 76.712 GC heap before
{Heap before GC invocations=50 (full 2):
 def new generation   total 8320K, used 8049K [0x00000000c0000000, 0x00000000c0900000, 0x00000000d5550000)
  eden space 7424K, 100% used [0x00000000c0000000, 0x00000000c0740000, 0x00000000c0740000)
  from space 896K,  69% used [0x00000000c0820000, 0x00000000c08bc418, 0x00000000c0900000)
  to   space 896K,   0% used [0x00000000c0740000, 0x00000000c0740000, 0x00000000c0820000)
 tenured generation   total 18260K, used 10955K [0x00000000d5550000, 0x00000000d6725000, 0x0000000100000000)
   the space 18260K,  59% used [0x00000000d5550000, 0x00000000d6002ca0, 0x00000000d6002e00, 0x00000000d6725000)
 Metaspace       used 32345K, capacity 32816K, committed 33024K, reserved 1077248K
  class space    used 4344K, capacity 4488K, committed 4608K, reserved 1048576K
Event: 76.716 GC heap after
Heap after GC invocations=51 (full 2):
 def new generation   total 8320K, used 895K [0x00000000c0000000, 0x00000000c0900000, 0x00000000d5550000)
  eden space 7424K,   0% used [0x00000000c0000000, 0x00000000c0000000, 0x00000000c0740000)
  from space 896K,  99% used [0x00000000c0740000, 0x00000000c081fff8, 0x00000000c0820000)
  to   space 896K,   0% used [0x00000000c0820000, 0x00000000c0820000, 0x00000000c0900000)
 tenured generation   total 18260K, used 11326K [0x00000000d5550000, 0x00000000d6725000, 0x0000000100000000)
   the space 18260K,  62% used [0x00000000d5550000, 0x00000000d605f990, 0x00000000d605fa00, 0x00000000d6725000)
 Metaspace       used 32345K, capacity 32816K, committed 33024K, reserved 1077248K
  class space    used 4344K, capacity 4488K, committed 4608K, reserved 1048576K
}
Event: 76.846 GC heap before
{Heap before GC invocations=51 (full 2):
 def new generation   total 8320K, used 8319K [0x00000000c0000000, 0x00000000c0900000, 0x00000000d5550000)
  eden space 7424K, 100% used [0x00000000c0000000, 0x00000000c0740000, 0x00000000c0740000)
  from space 896K,  99% used [0x00000000c0740000, 0x00000000c081fff8, 0x00000000c0820000)
  to   space 896K,   0% used [0x00000000c0820000, 0x00000000c0820000, 0x00000000c0900000)
 tenured generation   total 18260K, used 11326K [0x00000000d5550000, 0x00000000d6725000, 0x0000000100000000)
   the space 18260K,  62% used [0x00000000d5550000, 0x00000000d605f990, 0x00000000d605fa00, 0x00000000d6725000)
 Metaspace       used 32494K, capacity 32930K, committed 33280K, reserved 1077248K
  class space    used 4360K, capacity 4524K, committed 4608K, reserved 1048576K
Event: 76.852 GC heap after
Heap after GC invocations=52 (full 2):
 def new generation   total 8320K, used 882K [0x00000000c0000000, 0x00000000c0900000, 0x00000000d5550000)
  eden space 7424K,   0% used [0x00000000c0000000, 0x00000000c0000000, 0x00000000c0740000)
  from space 896K,  98% used [0x00000000c0820000, 0x00000000c08fcb98, 0x00000000c0900000)
  to   space 896K,   0% used [0x00000000c0740000, 0x00000000c0740000, 0x00000000c0820000)
 tenured generation   total 18260K, used 11902K [0x00000000d5550000, 0x00000000d6725000, 0x0000000100000000)
   the space 18260K,  65% used [0x00000000d5550000, 0x00000000d60ef8e0, 0x00000000d60efa00, 0x00000000d6725000)
 Metaspace       used 32494K, capacity 32930K, committed 33280K, reserved 1077248K
  class space    used 4360K, capacity 4524K, committed 4608K, reserved 1048576K
}
Event: 76.911 GC heap before
{Heap before GC invocations=52 (full 2):
 def new generation   total 8320K, used 8306K [0x00000000c0000000, 0x00000000c0900000, 0x00000000d5550000)
  eden space 7424K, 100% used [0x00000000c0000000, 0x00000000c0740000, 0x00000000c0740000)
  from space 896K,  98% used [0x00000000c0820000, 0x00000000c08fcb98, 0x00000000c0900000)
  to   space 896K,   0% used [0x00000000c0740000, 0x00000000c0740000, 0x00000000c0820000)
 tenured generation   total 18260K, used 11902K [0x00000000d5550000, 0x00000000d6725000, 0x0000000100000000)
   the space 18260K,  65% used [0x00000000d5550000, 0x00000000d60ef8e0, 0x00000000d60efa00, 0x00000000d6725000)
 Metaspace       used 32824K, capacity 33282K, committed 33536K, reserved 1079296K
  class space    used 4422K, capacity 4556K, committed 4608K, reserved 1048576K
Event: 76.917 GC heap after
Heap after GC invocations=53 (full 2):
 def new generation   total 8320K, used 447K [0x00000000c0000000, 0x00000000c0900000, 0x00000000d5550000)
  eden space 7424K,   0% used [0x00000000c0000000, 0x00000000c0000000, 0x00000000c0740000)
  from space 896K,  49% used [0x00000000c0740000, 0x00000000c07afcd0, 0x00000000c0820000)
  to   space 896K,   0% used [0x00000000c0820000, 0x00000000c0820000, 0x00000000c0900000)
 tenured generation   total 18260K, used 12712K [0x00000000d5550000, 0x00000000d6725000, 0x0000000100000000)
   the space 18260K,  69% used [0x00000000d5550000, 0x00000000d61ba370, 0x00000000d61ba400, 0x00000000d6725000)
 Metaspace       used 32824K, capacity 33282K, committed 33536K, reserved 1079296K
  class space    used 4422K, capacity 4556K, committed 4608K, reserved 1048576K
}
Event: 77.011 GC heap before
{Heap before GC invocations=53 (full 2):
 def new generation   total 8320K, used 7871K [0x00000000c0000000, 0x00000000c0900000, 0x00000000d5550000)
  eden space 7424K, 100% used [0x00000000c0000000, 0x00000000c0740000, 0x00000000c0740000)
  from space 896K,  49% used [0x00000000c0740000, 0x00000000c07afcd0, 0x00000000c0820000)
  to   space 896K,   0% used [0x00000000c0820000, 0x00000000c0820000, 0x00000000c0900000)
 tenured generation   total 18260K, used 12712K [0x00000000d5550000, 0x00000000d6725000, 0x0000000100000000)
   the space 18260K,  69% used [0x00000000d5550000, 0x00000000d61ba370, 0x00000000d61ba400, 0x00000000d6725000)
 Metaspace       used 33334K, capacity 33762K, committed 33920K, reserved 1079296K
  class space    used 4524K, capacity 4652K, committed 4736K, reserved 1048576K
Event: 77.014 GC heap after
Heap after GC invocations=54 (full 2):
 def new generation   total 8320K, used 702K [0x00000000c0000000, 0x00000000c0900000, 0x00000000d5550000)
  eden space 7424K,   0% used [0x00000000c0000000, 0x00000000c0000000, 0x00000000c0740000)
  from space 896K,  78% used [0x00000000c0820000, 0x00000000c08cfb58, 0x00000000c0900000)
  to   space 896K,   0% used [0x00000000c0740000, 0x00000000c0740000, 0x00000000c0820000)
 tenured generation   total 18260K, used 12712K [0x00000000d5550000, 0x00000000d6725000, 0x0000000100000000)
   the space 18260K,  69% used [0x00000000d5550000, 0x00000000d61ba370, 0x00000000d61ba400, 0x00000000d6725000)
 Metaspace       used 33334K, capacity 33762K, committed 33920K, reserved 1079296K
  class space    used 4524K, capacity 4652K, committed 4736K, reserved 1048576K
}
Event: 147.709 GC heap before
{Heap before GC invocations=54 (full 2):
 def new generation   total 8320K, used 8126K [0x00000000c0000000, 0x00000000c0900000, 0x00000000d5550000)
  eden space 7424K, 100% used [0x00000000c0000000, 0x00000000c0740000, 0x00000000c0740000)
  from space 896K,  78% used [0x00000000c0820000, 0x00000000c08cfb58, 0x00000000c0900000)
  to   space 896K,   0% used [0x00000000c0740000, 0x00000000c0740000, 0x00000000c0820000)
 tenured generation   total 18260K, used 12712K [0x00000000d5550000, 0x00000000d6725000, 0x0000000100000000)
   the space 18260K,  69% used [0x00000000d5550000, 0x00000000d61ba370, 0x00000000d61ba400, 0x00000000d6725000)
 Metaspace       used 33809K, capacity 34260K, committed 34560K, reserved 1079296K
  class space    used 4597K, capacity 4751K, committed 4864K, reserved 1048576K
Event: 147.713 GC heap after
Heap after GC invocations=55 (full 2):
 def new generation   total 8320K, used 757K [0x00000000c0000000, 0x00000000c0900000, 0x00000000d5550000)
  eden space 7424K,   0% used [0x00000000c0000000, 0x00000000c0000000, 0x00000000c0740000)
  from space 896K,  84% used [0x00000000c0740000, 0x00000000c07fd588, 0x00000000c0820000)
  to   space 896K,   0% used [0x00000000c0820000, 0x00000000c0820000, 0x00000000c0900000)
 tenured generation   total 18260K, used 12972K [0x00000000d5550000, 0x00000000d6725000, 0x0000000100000000)
   the space 18260K,  71% used [0x00000000d5550000, 0x00000000d61fb2e0, 0x00000000d61fb400, 0x00000000d6725000)
 Metaspace       used 33809K, capacity 34260K, committed 34560K, reserved 1079296K
  class space    used 4597K, capacity 4751K, committed 4864K, reserved 1048576K
}
Event: 147.838 GC heap before
{Heap before GC invocations=55 (full 2):
 def new generation   total 8320K, used 8181K [0x00000000c0000000, 0x00000000c0900000, 0x00000000d5550000)
  eden space 7424K, 100% used [0x00000000c0000000, 0x00000000c0740000, 0x00000000c0740000)
  from space 896K,  84% used [0x00000000c0740000, 0x00000000c07fd588, 0x00000000c0820000)
  to   space 896K,   0% used [0x00000000c0820000, 0x00000000c0820000, 0x00000000c0900000)
 tenured generation   total 18260K, used 12972K [0x00000000d5550000, 0x00000000d6725000, 0x0000000100000000)
   the space 18260K,  71% used [0x00000000d5550000, 0x00000000d61fb2e0, 0x00000000d61fb400, 0x00000000d6725000)
 Metaspace       used 34223K, capacity 34676K, committed 34816K, reserved 1079296K
  class space    used 4676K, capacity 4847K, committed 4864K, reserved 1048576K
Event: 147.843 GC heap after
Heap after GC invocations=56 (full 2):
 def new generation   total 8320K, used 602K [0x00000000c0000000, 0x00000000c0900000, 0x00000000d5550000)
  eden space 7424K,   0% used [0x00000000c0000000, 0x00000000c0000000, 0x00000000c0740000)
  from space 896K,  67% used [0x00000000c0820000, 0x00000000c08b68c8, 0x00000000c0900000)
  to   space 896K,   0% used [0x00000000c0740000, 0x00000000c0740000, 0x00000000c0820000)
 tenured generation   total 18260K, used 13405K [0x00000000d5550000, 0x00000000d6725000, 0x0000000100000000)
   the space 18260K,  73% used [0x00000000d5550000, 0x00000000d6267538, 0x00000000d6267600, 0x00000000d6725000)
 Metaspace       used 34223K, capacity 34676K, committed 34816K, reserved 1079296K
  class space    used 4676K, capacity 4847K, committed 4864K, reserved 1048576K
}
Event: 147.903 GC heap before
{Heap before GC invocations=56 (full 2):
 def new generation   total 8320K, used 8026K [0x00000000c0000000, 0x00000000c0900000, 0x00000000d5550000)
  eden space 7424K, 100% used [0x00000000c0000000, 0x00000000c0740000, 0x00000000c0740000)
  from space 896K,  67% used [0x00000000c0820000, 0x00000000c08b68c8, 0x00000000c0900000)
  to   space 896K,   0% used [0x00000000c0740000, 0x00000000c0740000, 0x00000000c0820000)
 tenured generation   total 18260K, used 13405K [0x00000000d5550000, 0x00000000d6725000, 0x0000000100000000)
   the space 18260K,  73% used [0x00000000d5550000, 0x00000000d6267538, 0x00000000d6267600, 0x00000000d6725000)
 Metaspace       used 34631K, capacity 35092K, committed 35456K, reserved 1079296K
  class space    used 4739K, capacity 4879K, committed 4992K, reserved 1048576K
Event: 147.907 GC heap after
Heap after GC invocations=57 (full 2):
 def new generation   total 8320K, used 605K [0x00000000c0000000, 0x00000000c0900000, 0x00000000d5550000)
  eden space 7424K,   0% used [0x00000000c0000000, 0x00000000c0000000, 0x00000000c0740000)
  from space 896K,  67% used [0x00000000c0740000, 0x00000000c07d7478, 0x00000000c0820000)
  to   space 896K,   0% used [0x00000000c0820000, 0x00000000c0820000, 0x00000000c0900000)
 tenured generation   total 18260K, used 13652K [0x00000000d5550000, 0x00000000d6725000, 0x0000000100000000)
   the space 18260K,  74% used [0x00000000d5550000, 0x00000000d62a5210, 0x00000000d62a5400, 0x00000000d6725000)
 Metaspace       used 34631K, capacity 35092K, committed 35456K, reserved 1079296K
  class space    used 4739K, capacity 4879K, committed 4992K, reserved 1048576K
}
Event: 147.957 GC heap before
{Heap before GC invocations=57 (full 2):
 def new generation   total 8320K, used 8029K [0x00000000c0000000, 0x00000000c0900000, 0x00000000d5550000)
  eden space 7424K, 100% used [0x00000000c0000000, 0x00000000c0740000, 0x00000000c0740000)
  from space 896K,  67% used [0x00000000c0740000, 0x00000000c07d7478, 0x00000000c0820000)
  to   space 896K,   0% used [0x00000000c0820000, 0x00000000c0820000, 0x00000000c0900000)
 tenured generation   total 18260K, used 13652K [0x00000000d5550000, 0x00000000d6725000, 0x0000000100000000)
   the space 18260K,  74% used [0x00000000d5550000, 0x00000000d62a5210, 0x00000000d62a5400, 0x00000000d6725000)
 Metaspace       used 35064K, capacity 35482K, committed 35712K, reserved 1079296K
  class space    used 4810K, capacity 4944K, committed 4992K, reserved 1048576K
Event: 147.960 GC heap after
Heap after GC invocations=58 (full 2):
 def new generation   total 8320K, used 570K [0x00000000c0000000, 0x00000000c0900000, 0x00000000d5550000)
  eden space 7424K,   0% used [0x00000000c0000000, 0x00000000c0000000, 0x00000000c0740000)
  from space 896K,  63% used [0x00000000c0820000, 0x00000000c08ae8a0, 0x00000000c0900000)
  to   space 896K,   0% used [0x00000000c0740000, 0x00000000c0740000, 0x00000000c0820000)
 tenured generation   total 18260K, used 13763K [0x00000000d5550000, 0x00000000d6725000, 0x0000000100000000)
   the space 18260K,  75% used [0x00000000d5550000, 0x00000000d62c0c98, 0x00000000d62c0e00, 0x00000000d6725000)
 Metaspace       used 35064K, capacity 35482K, committed 35712K, reserved 1079296K
  class space    used 4810K, capacity 4944K, committed 4992K, reserved 1048576K
}
Event: 148.077 GC heap before
{Heap before GC invocations=58 (full 2):
 def new generation   total 8320K, used 7994K [0x00000000c0000000, 0x00000000c0900000, 0x00000000d5550000)
  eden space 7424K, 100% used [0x00000000c0000000, 0x00000000c0740000, 0x00000000c0740000)
  from space 896K,  63% used [0x00000000c0820000, 0x00000000c08ae8a0, 0x00000000c0900000)
  to   space 896K,   0% used [0x00000000c0740000, 0x00000000c0740000, 0x00000000c0820000)
 tenured generation   total 18260K, used 13763K [0x00000000d5550000, 0x00000000d6725000, 0x0000000100000000)
   the space 18260K,  75% used [0x00000000d5550000, 0x00000000d62c0c98, 0x00000000d62c0e00, 0x00000000d6725000)
 Metaspace       used 36136K, capacity 36696K, committed 36864K, reserved 1081344K
  class space    used 4922K, capacity 5083K, committed 5120K, reserved 1048576K
Event: 148.082 GC heap after
Heap after GC invocations=59 (full 2):
 def new generation   total 8320K, used 896K [0x00000000c0000000, 0x00000000c0900000, 0x00000000d5550000)
  eden space 7424K,   0% used [0x00000000c0000000, 0x00000000c0000000, 0x00000000c0740000)
  from space 896K, 100% used [0x00000000c0740000, 0x00000000c0820000, 0x00000000c0820000)
  to   space 896K,   0% used [0x00000000c0820000, 0x00000000c0820000, 0x00000000c0900000)
 tenured generation   total 18260K, used 14464K [0x00000000d5550000, 0x00000000d6725000, 0x0000000100000000)
   the space 18260K,  79% used [0x00000000d5550000, 0x00000000d6370150, 0x00000000d6370200, 0x00000000d6725000)
 Metaspace       used 36136K, capacity 36696K, committed 36864K, reserved 1081344K
  class space    used 4922K, capacity 5083K, committed 5120K, reserved 1048576K
}
Event: 148.206 GC heap before
{Heap before GC invocations=59 (full 2):
 def new generation   total 8320K, used 8320K [0x00000000c0000000, 0x00000000c0900000, 0x00000000d5550000)
  eden space 7424K, 100% used [0x00000000c0000000, 0x00000000c0740000, 0x00000000c0740000)
  from space 896K, 100% used [0x00000000c0740000, 0x00000000c0820000, 0x00000000c0820000)
  to   space 896K,   0% used [0x00000000c0820000, 0x00000000c0820000, 0x00000000c0900000)
 tenured generation   total 18260K, used 14464K [0x00000000d5550000, 0x00000000d6725000, 0x0000000100000000)
   the space 18260K,  79% used [0x00000000d5550000, 0x00000000d6370150, 0x00000000d6370200, 0x00000000d6725000)
 Metaspace       used 36954K, capacity 37436K, committed 37760K, reserved 1081344K
  class space    used 5021K, capacity 5183K, committed 5248K, reserved 1048576K
Event: 148.212 GC heap after
Heap after GC invocations=60 (full 2):
 def new generation   total 8320K, used 895K [0x00000000c0000000, 0x00000000c0900000, 0x00000000d5550000)
  eden space 7424K,   0% used [0x00000000c0000000, 0x00000000c0000000, 0x00000000c0740000)
  from space 896K,  99% used [0x00000000c0820000, 0x00000000c08ffff8, 0x00000000c0900000)
  to   space 896K,   0% used [0x00000000c0740000, 0x00000000c0740000, 0x00000000c0820000)
 tenured generation   total 18260K, used 15623K [0x00000000d5550000, 0x00000000d6725000, 0x0000000100000000)
   the space 18260K,  85% used [0x00000000d5550000, 0x00000000d6491da8, 0x00000000d6491e00, 0x00000000d6725000)
 Metaspace       used 36954K, capacity 37436K, committed 37760K, reserved 1081344K
  class space    used 5021K, capacity 5183K, committed 5248K, reserved 1048576K
}
Event: 148.275 GC heap before
{Heap before GC invocations=60 (full 2):
 def new generation   total 8320K, used 8319K [0x00000000c0000000, 0x00000000c0900000, 0x00000000d5550000)
  eden space 7424K, 100% used [0x00000000c0000000, 0x00000000c0740000, 0x00000000c0740000)
  from space 896K,  99% used [0x00000000c0820000, 0x00000000c08ffff8, 0x00000000c0900000)
  to   space 896K,   0% used [0x00000000c0740000, 0x00000000c0740000, 0x00000000c0820000)
 tenured generation   total 18260K, used 15623K [0x00000000d5550000, 0x00000000d6725000, 0x0000000100000000)
   the space 18260K,  85% used [0x00000000d5550000, 0x00000000d6491da8, 0x00000000d6491e00, 0x00000000d6725000)
 Metaspace       used 37409K, capacity 37916K, committed 38144K, reserved 1081344K
  class space    used 5092K, capacity 5279K, committed 5376K, reserved 1048576K
Event: 148.281 GC heap after
Heap after GC invocations=61 (full 2):
 def new generation   total 8320K, used 681K [0x00000000c0000000, 0x00000000c0900000, 0x00000000d5550000)
  eden space 7424K,   0% used [0x00000000c0000000, 0x00000000c0000000, 0x00000000c0740000)
  from space 896K,  76% used [0x00000000c0740000, 0x00000000c07ea4e8, 0x00000000c0820000)
  to   space 896K,   0% used [0x00000000c0820000, 0x00000000c0820000, 0x00000000c0900000)
 tenured generation   total 18260K, used 16518K [0x00000000d5550000, 0x00000000d6725000, 0x0000000100000000)
   the space 18260K,  90% used [0x00000000d5550000, 0x00000000d6571a10, 0x00000000d6571c00, 0x00000000d6725000)
 Metaspace       used 37409K, capacity 37916K, committed 38144K, reserved 1081344K
  class space    used 5092K, capacity 5279K, committed 5376K, reserved 1048576K
}
Event: 148.453 GC heap before
{Heap before GC invocations=61 (full 2):
 def new generation   total 8320K, used 8105K [0x00000000c0000000, 0x00000000c0900000, 0x00000000d5550000)
  eden space 7424K, 100% used [0x00000000c0000000, 0x00000000c0740000, 0x00000000c0740000)
  from space 896K,  76% used [0x00000000c0740000, 0x00000000c07ea4e8, 0x00000000c0820000)
  to   space 896K,   0% used [0x00000000c0820000, 0x00000000c0820000, 0x00000000c0900000)
 tenured generation   total 18260K, used 16518K [0x00000000d5550000, 0x00000000d6725000, 0x0000000100000000)
   the space 18260K,  90% used [0x00000000d5550000, 0x00000000d6571a10, 0x00000000d6571c00, 0x00000000d6725000)
 Metaspace       used 39654K, capacity 40132K, committed 40448K, reserved 1083392K
  class space    used 5382K, capacity 5569K, committed 5632K, reserved 1048576K
Event: 148.460 GC heap after
Heap after GC invocations=62 (full 2):
 def new generation   total 8320K, used 895K [0x00000000c0000000, 0x00000000c0900000, 0x00000000d5550000)
  eden space 7424K,   0% used [0x00000000c0000000, 0x00000000c0000000, 0x00000000c0740000)
  from space 896K,  99% used [0x00000000c0820000, 0x00000000c08ffff0, 0x00000000c0900000)
  to   space 896K,   0% used [0x00000000c0740000, 0x00000000c0740000, 0x00000000c0820000)
 tenured generation   total 18260K, used 16816K [0x00000000d5550000, 0x00000000d6725000, 0x0000000100000000)
   the space 18260K,  92% used [0x00000000d5550000, 0x00000000d65bc030, 0x00000000d65bc200, 0x00000000d6725000)
 Metaspace       used 39654K, capacity 40132K, committed 40448K, reserved 1083392K
  class space    used 5382K, capacity 5569K, committed 5632K, reserved 1048576K
}
Event: 148.765 GC heap before
{Heap before GC invocations=62 (full 2):
 def new generation   total 8320K, used 8319K [0x00000000c0000000, 0x00000000c0900000, 0x00000000d5550000)
  eden space 7424K, 100% used [0x00000000c0000000, 0x00000000c0740000, 0x00000000c0740000)
  from space 896K,  99% used [0x00000000c0820000, 0x00000000c08ffff0, 0x00000000c0900000)
  to   space 896K,   0% used [0x00000000c0740000, 0x00000000c0740000, 0x00000000c0820000)
 tenured generation   total 18260K, used 16816K [0x00000000d5550000, 0x00000000d6725000, 0x0000000100000000)
   the space 18260K,  92% used [0x00000000d5550000, 0x00000000d65bc030, 0x00000000d65bc200, 0x00000000d6725000)
 Metaspace       used 42435K, capacity 42964K, committed 43392K, reserved 1087488K
  class space    used 5698K, capacity 5893K, committed 6016K, reserved 1048576K
Event: 148.770 GC heap after
Heap after GC invocations=63 (full 2):
 def new generation   total 8320K, used 895K [0x00000000c0000000, 0x00000000c0900000, 0x00000000d5550000)
  eden space 7424K,   0% used [0x00000000c0000000, 0x00000000c0000000, 0x00000000c0740000)
  from space 896K,  99% used [0x00000000c0740000, 0x00000000c081ffe8, 0x00000000c0820000)
  to   space 896K,   0% used [0x00000000c0820000, 0x00000000c0820000, 0x00000000c0900000)
 tenured generation   total 18260K, used 17508K [0x00000000d5550000, 0x00000000d6725000, 0x0000000100000000)
   the space 18260K,  95% used [0x00000000d5550000, 0x00000000d66690a0, 0x00000000d6669200, 0x00000000d6725000)
 Metaspace       used 42435K, capacity 42964K, committed 43392K, reserved 1087488K
  class space    used 5698K, capacity 5893K, committed 6016K, reserved 1048576K
}
Event: 148.872 GC heap before
{Heap before GC invocations=63 (full 2):
 def new generation   total 8320K, used 8319K [0x00000000c0000000, 0x00000000c0900000, 0x00000000d5550000)
  eden space 7424K, 100% used [0x00000000c0000000, 0x00000000c0740000, 0x00000000c0740000)
  from space 896K,  99% used [0x00000000c0740000, 0x00000000c081ffe8, 0x00000000c0820000)
  to   space 896K,   0% used [0x00000000c0820000, 0x00000000c0820000, 0x00000000c0900000)
 tenured generation   total 18260K, used 17508K [0x00000000d5550000, 0x00000000d6725000, 0x0000000100000000)
   the space 18260K,  95% used [0x00000000d5550000, 0x00000000d66690a0, 0x00000000d6669200, 0x00000000d6725000)
 Metaspace       used 42797K, capacity 43252K, committed 43648K, reserved 1087488K
  class space    used 5762K, capacity 5925K, committed 6016K, reserved 1048576K
Event: 148.877 GC heap after
Heap after GC invocations=64 (full 2):
 def new generation   total 8320K, used 544K [0x00000000c0000000, 0x00000000c0900000, 0x00000000d5550000)
  eden space 7424K,   0% used [0x00000000c0000000, 0x00000000c0000000, 0x00000000c0740000)
  from space 896K,  60% used [0x00000000c0820000, 0x00000000c08a8100, 0x00000000c0900000)
  to   space 896K,   0% used [0x00000000c0740000, 0x00000000c0740000, 0x00000000c0820000)
 tenured generation   total 18260K, used 17969K [0x00000000d5550000, 0x00000000d6725000, 0x0000000100000000)
   the space 18260K,  98% used [0x00000000d5550000, 0x00000000d66dc690, 0x00000000d66dc800, 0x00000000d6725000)
 Metaspace       used 42797K, capacity 43252K, committed 43648K, reserved 1087488K
  class space    used 5762K, capacity 5925K, committed 6016K, reserved 1048576K
}
Event: 149.202 GC heap before
{Heap before GC invocations=64 (full 2):
 def new generation   total 8320K, used 7968K [0x00000000c0000000, 0x00000000c0900000, 0x00000000d5550000)
  eden space 7424K, 100% used [0x00000000c0000000, 0x00000000c0740000, 0x00000000c0740000)
  from space 896K,  60% used [0x00000000c0820000, 0x00000000c08a8100, 0x00000000c0900000)
  to   space 896K,   0% used [0x00000000c0740000, 0x00000000c0740000, 0x00000000c0820000)
 tenured generation   total 18260K, used 17969K [0x00000000d5550000, 0x00000000d6725000, 0x0000000100000000)
   the space 18260K,  98% used [0x00000000d5550000, 0x00000000d66dc690, 0x00000000d66dc800, 0x00000000d6725000)
 Metaspace       used 43137K, capacity 43674K, committed 43904K, reserved 1087488K
  class space    used 5812K, capacity 5958K, committed 6016K, reserved 1048576K
Event: 149.206 GC heap after
Heap after GC invocations=65 (full 2):
 def new generation   total 8320K, used 396K [0x00000000c0000000, 0x00000000c0900000, 0x00000000d5550000)
  eden space 7424K,   0% used [0x00000000c0000000, 0x00000000c0000000, 0x00000000c0740000)
  from space 896K,  44% used [0x00000000c0740000, 0x00000000c07a3360, 0x00000000c0820000)
  to   space 896K,   0% used [0x00000000c0820000, 0x00000000c0820000, 0x00000000c0900000)
 tenured generation   total 18260K, used 18116K [0x00000000d5550000, 0x00000000d6725000, 0x0000000100000000)
   the space 18260K,  99% used [0x00000000d5550000, 0x00000000d6701168, 0x00000000d6701200, 0x00000000d6725000)
 Metaspace       used 43137K, capacity 43674K, committed 43904K, reserved 1087488K
  class space    used 5812K, capacity 5958K, committed 6016K, reserved 1048576K
}
Event: 149.304 GC heap before
{Heap before GC invocations=65 (full 2):
 def new generation   total 8320K, used 7820K [0x00000000c0000000, 0x00000000c0900000, 0x00000000d5550000)
  eden space 7424K, 100% used [0x00000000c0000000, 0x00000000c0740000, 0x00000000c0740000)
  from space 896K,  44% used [0x00000000c0740000, 0x00000000c07a3360, 0x00000000c0820000)
  to   space 896K,   0% used [0x00000000c0820000, 0x00000000c0820000, 0x00000000c0900000)
 tenured generation   total 18260K, used 18116K [0x00000000d5550000, 0x00000000d6725000, 0x0000000100000000)
   the space 18260K,  99% used [0x00000000d5550000, 0x00000000d6701168, 0x00000000d6701200, 0x00000000d6725000)
 Metaspace       used 43455K, capacity 44024K, committed 44288K, reserved 1087488K
  class space    used 5862K, capacity 6028K, committed 6144K, reserved 1048576K
Event: 149.372 GC heap after
Heap after GC invocations=66 (full 3):
 def new generation   total 13248K, used 0K [0x00000000c0000000, 0x00000000c0e60000, 0x00000000d5550000)
  eden space 11776K,   0% used [0x00000000c0000000, 0x00000000c0000000, 0x00000000c0b80000)
  from space 1472K,   0% used [0x00000000c0b80000, 0x00000000c0b80000, 0x00000000c0cf0000)
  to   space 1472K,   0% used [0x00000000c0cf0000, 0x00000000c0cf0000, 0x00000000c0e60000)
 tenured generation   total 29216K, used 17527K [0x00000000d5550000, 0x00000000d71d8000, 0x0000000100000000)
   the space 29216K,  59% used [0x00000000d5550000, 0x00000000d666df10, 0x00000000d666e000, 0x00000000d71d8000)
 Metaspace       used 43448K, capacity 44012K, committed 44288K, reserved 1087488K
  class space    used 5858K, capacity 6024K, committed 6144K, reserved 1048576K
}
Event: 149.486 GC heap before
{Heap before GC invocations=66 (full 3):
 def new generation   total 13248K, used 11776K [0x00000000c0000000, 0x00000000c0e60000, 0x00000000d5550000)
  eden space 11776K, 100% used [0x00000000c0000000, 0x00000000c0b80000, 0x00000000c0b80000)
  from space 1472K,   0% used [0x00000000c0b80000, 0x00000000c0b80000, 0x00000000c0cf0000)
  to   space 1472K,   0% used [0x00000000c0cf0000, 0x00000000c0cf0000, 0x00000000c0e60000)
 tenured generation   total 29216K, used 17527K [0x00000000d5550000, 0x00000000d71d8000, 0x0000000100000000)
   the space 29216K,  59% used [0x00000000d5550000, 0x00000000d666df10, 0x00000000d666e000, 0x00000000d71d8000)
 Metaspace       used 43657K, capacity 44272K, committed 44544K, reserved 1087488K
  class space    used 5898K, capacity 6067K, committed 6144K, reserved 1048576K
Event: 149.493 GC heap after
Heap after GC invocations=67 (full 3):
 def new generation   total 13248K, used 1472K [0x00000000c0000000, 0x00000000c0e60000, 0x00000000d5550000)
  eden space 11776K,   0% used [0x00000000c0000000, 0x00000000c0000000, 0x00000000c0b80000)
  from space 1472K, 100% used [0x00000000c0cf0000, 0x00000000c0e60000, 0x00000000c0e60000)
  to   space 1472K,   0% used [0x00000000c0b80000, 0x00000000c0b80000, 0x00000000c0cf0000)
 tenured generation   total 29216K, used 17813K [0x00000000d5550000, 0x00000000d71d8000, 0x0000000100000000)
   the space 29216K,  60% used [0x00000000d5550000, 0x00000000d66b5488, 0x00000000d66b5600, 0x00000000d71d8000)
 Metaspace       used 43657K, capacity 44272K, committed 44544K, reserved 1087488K
  class space    used 5898K, capacity 6067K, committed 6144K, reserved 1048576K
}
Event: 149.674 GC heap before
{Heap before GC invocations=67 (full 3):
 def new generation   total 13248K, used 13248K [0x00000000c0000000, 0x00000000c0e60000, 0x00000000d5550000)
  eden space 11776K, 100% used [0x00000000c0000000, 0x00000000c0b80000, 0x00000000c0b80000)
  from space 1472K, 100% used [0x00000000c0cf0000, 0x00000000c0e60000, 0x00000000c0e60000)
  to   space 1472K,   0% used [0x00000000c0b80000, 0x00000000c0b80000, 0x00000000c0cf0000)
 tenured generation   total 29216K, used 17813K [0x00000000d5550000, 0x00000000d71d8000, 0x0000000100000000)
   the space 29216K,  60% used [0x00000000d5550000, 0x00000000d66b5488, 0x00000000d66b5600, 0x00000000d71d8000)
 Metaspace       used 44132K, capacity 44780K, committed 45184K, reserved 1087488K
  class space    used 5967K, capacity 6150K, committed 6272K, reserved 1048576K
Event: 149.684 GC heap after
Heap after GC invocations=68 (full 3):
 def new generation   total 13248K, used 1297K [0x00000000c0000000, 0x00000000c0e60000, 0x00000000d5550000)
  eden space 11776K,   0% used [0x00000000c0000000, 0x00000000c0000000, 0x00000000c0b80000)
  from space 1472K,  88% used [0x00000000c0b80000, 0x00000000c0cc46b8, 0x00000000c0cf0000)
  to   space 1472K,   0% used [0x00000000c0cf0000, 0x00000000c0cf0000, 0x00000000c0e60000)
 tenured generation   total 29216K, used 19282K [0x00000000d5550000, 0x00000000d71d8000, 0x0000000100000000)
   the space 29216K,  65% used [0x00000000d5550000, 0x00000000d6824970, 0x00000000d6824a00, 0x00000000d71d8000)
 Metaspace       used 44132K, capacity 44780K, committed 45184K, reserved 1087488K
  class space    used 5967K, capacity 6150K, committed 6272K, reserved 1048576K
}
Event: 149.831 GC heap before
{Heap before GC invocations=68 (full 3):
 def new generation   total 13248K, used 13073K [0x00000000c0000000, 0x00000000c0e60000, 0x00000000d5550000)
  eden space 11776K, 100% used [0x00000000c0000000, 0x00000000c0b80000, 0x00000000c0b80000)
  from space 1472K,  88% used [0x00000000c0b80000, 0x00000000c0cc46b8, 0x00000000c0cf0000)
  to   space 1472K,   0% used [0x00000000c0cf0000, 0x00000000c0cf0000, 0x00000000c0e60000)
 tenured generation   total 29216K, used 19282K [0x00000000d5550000, 0x00000000d71d8000, 0x0000000100000000)
   the space 29216K,  65% used [0x00000000d5550000, 0x00000000d6824970, 0x00000000d6824a00, 0x00000000d71d8000)
 Metaspace       used 44553K, capacity 45394K, committed 45568K, reserved 1089536K
  class space    used 6056K, capacity 6279K, committed 6400K, reserved 1048576K
Event: 149.841 GC heap after
Heap after GC invocations=69 (full 3):
 def new generation   total 13248K, used 1471K [0x00000000c0000000, 0x00000000c0e60000, 0x00000000d5550000)
  eden space 11776K,   0% used [0x00000000c0000000, 0x00000000c0000000, 0x00000000c0b80000)
  from space 1472K,  99% used [0x00000000c0cf0000, 0x00000000c0e5fff0, 0x00000000c0e60000)
  to   space 1472K,   0% used [0x00000000c0b80000, 0x00000000c0b80000, 0x00000000c0cf0000)
 tenured generation   total 29216K, used 20472K [0x00000000d5550000, 0x00000000d71d8000, 0x0000000100000000)
   the space 29216K,  70% used [0x00000000d5550000, 0x00000000d694e310, 0x00000000d694e400, 0x00000000d71d8000)
 Metaspace       used 44553K, capacity 45394K, committed 45568K, reserved 1089536K
  class space    used 6056K, capacity 6279K, committed 6400K, reserved 1048576K
}
Event: 300.441 GC heap before
{Heap before GC invocations=69 (full 3):
 def new generation   total 13248K, used 13247K [0x00000000c0000000, 0x00000000c0e60000, 0x00000000d5550000)
  eden space 11776K, 100% used [0x00000000c0000000, 0x00000000c0b80000, 0x00000000c0b80000)
  from space 1472K,  99% used [0x00000000c0cf0000, 0x00000000c0e5fff0, 0x00000000c0e60000)
  to   space 1472K,   0% used [0x00000000c0b80000, 0x00000000c0b80000, 0x00000000c0cf0000)
 tenured generation   total 29216K, used 20472K [0x00000000d5550000, 0x00000000d71d8000, 0x0000000100000000)
   the space 29216K,  70% used [0x00000000d5550000, 0x00000000d694e310, 0x00000000d694e400, 0x00000000d71d8000)
 Metaspace       used 44906K, capacity 45790K, committed 46080K, reserved 1089536K
  class space    used 6100K, capacity 6339K, committed 6400K, reserved 1048576K
Event: 300.449 GC heap after
Heap after GC invocations=70 (full 3):
 def new generation   total 13248K, used 1297K [0x00000000c0000000, 0x00000000c0e60000, 0x00000000d5550000)
  eden space 11776K,   0% used [0x00000000c0000000, 0x00000000c0000000, 0x00000000c0b80000)
  from space 1472K,  88% used [0x00000000c0b80000, 0x00000000c0cc4768, 0x00000000c0cf0000)
  to   space 1472K,   0% used [0x00000000c0cf0000, 0x00000000c0cf0000, 0x00000000c0e60000)
 tenured generation   total 29216K, used 21806K [0x00000000d5550000, 0x00000000d71d8000, 0x0000000100000000)
   the space 29216K,  74% used [0x00000000d5550000, 0x00000000d6a9b818, 0x00000000d6a9ba00, 0x00000000d71d8000)
 Metaspace       used 44906K, capacity 45790K, committed 46080K, reserved 1089536K
  class space    used 6100K, capacity 6339K, committed 6400K, reserved 1048576K
}
Event: 300.505 GC heap before
{Heap before GC invocations=70 (full 3):
 def new generation   total 13248K, used 13073K [0x00000000c0000000, 0x00000000c0e60000, 0x00000000d5550000)
  eden space 11776K, 100% used [0x00000000c0000000, 0x00000000c0b80000, 0x00000000c0b80000)
  from space 1472K,  88% used [0x00000000c0b80000, 0x00000000c0cc4768, 0x00000000c0cf0000)
  to   space 1472K,   0% used [0x00000000c0cf0000, 0x00000000c0cf0000, 0x00000000c0e60000)
 tenured generation   total 29216K, used 21806K [0x00000000d5550000, 0x00000000d71d8000, 0x0000000100000000)
   the space 29216K,  74% used [0x00000000d5550000, 0x00000000d6a9b818, 0x00000000d6a9ba00, 0x00000000d71d8000)
 Metaspace       used 45028K, capacity 45868K, committed 46080K, reserved 1089536K
  class space    used 6121K, capacity 6345K, committed 6400K, reserved 1048576K
Event: 300.512 GC heap after
Heap after GC invocations=71 (full 3):
 def new generation   total 13248K, used 751K [0x00000000c0000000, 0x00000000c0e60000, 0x00000000d5550000)
  eden space 11776K,   0% used [0x00000000c0000000, 0x00000000c0000000, 0x00000000c0b80000)
  from space 1472K,  51% used [0x00000000c0cf0000, 0x00000000c0dabdb0, 0x00000000c0e60000)
  to   space 1472K,   0% used [0x00000000c0b80000, 0x00000000c0b80000, 0x00000000c0cf0000)
 tenured generation   total 29216K, used 23009K [0x00000000d5550000, 0x00000000d71d8000, 0x0000000100000000)
   the space 29216K,  78% used [0x00000000d5550000, 0x00000000d6bc87f0, 0x00000000d6bc8800, 0x00000000d71d8000)
 Metaspace       used 45028K, capacity 45868K, committed 46080K, reserved 1089536K
  class space    used 6121K, capacity 6345K, committed 6400K, reserved 1048576K
}
Event: 300.734 GC heap before
{Heap before GC invocations=71 (full 3):
 def new generation   total 13248K, used 12520K [0x00000000c0000000, 0x00000000c0e60000, 0x00000000d5550000)
  eden space 11776K,  99% used [0x00000000c0000000, 0x00000000c0b7e498, 0x00000000c0b80000)
  from space 1472K,  51% used [0x00000000c0cf0000, 0x00000000c0dabdb0, 0x00000000c0e60000)
  to   space 1472K,   0% used [0x00000000c0b80000, 0x00000000c0b80000, 0x00000000c0cf0000)
 tenured generation   total 29216K, used 23009K [0x00000000d5550000, 0x00000000d71d8000, 0x0000000100000000)
   the space 29216K,  78% used [0x00000000d5550000, 0x00000000d6bc87f0, 0x00000000d6bc8800, 0x00000000d71d8000)
 Metaspace       used 45294K, capacity 46200K, committed 46464K, reserved 1089536K
  class space    used 6145K, capacity 6412K, committed 6528K, reserved 1048576K
Event: 300.741 GC heap after
Heap after GC invocations=72 (full 3):
 def new generation   total 13248K, used 989K [0x00000000c0000000, 0x00000000c0e60000, 0x00000000d5550000)
  eden space 11776K,   0% used [0x00000000c0000000, 0x00000000c0000000, 0x00000000c0b80000)
  from space 1472K,  67% used [0x00000000c0b80000, 0x00000000c0c77748, 0x00000000c0cf0000)
  to   space 1472K,   0% used [0x00000000c0cf0000, 0x00000000c0cf0000, 0x00000000c0e60000)
 tenured generation   total 29216K, used 23618K [0x00000000d5550000, 0x00000000d71d8000, 0x0000000100000000)
   the space 29216K,  80% used [0x00000000d5550000, 0x00000000d6c60948, 0x00000000d6c60a00, 0x00000000d71d8000)
 Metaspace       used 45294K, capacity 46200K, committed 46464K, reserved 1089536K
  class space    used 6145K, capacity 6412K, committed 6528K, reserved 1048576K
}
Event: 300.939 GC heap before
{Heap before GC invocations=72 (full 3):
 def new generation   total 13248K, used 12765K [0x00000000c0000000, 0x00000000c0e60000, 0x00000000d5550000)
  eden space 11776K, 100% used [0x00000000c0000000, 0x00000000c0b80000, 0x00000000c0b80000)
  from space 1472K,  67% used [0x00000000c0b80000, 0x00000000c0c77748, 0x00000000c0cf0000)
  to   space 1472K,   0% used [0x00000000c0cf0000, 0x00000000c0cf0000, 0x00000000c0e60000)
 tenured generation   total 29216K, used 23618K [0x00000000d5550000, 0x00000000d71d8000, 0x0000000100000000)
   the space 29216K,  80% used [0x00000000d5550000, 0x00000000d6c60948, 0x00000000d6c60a00, 0x00000000d71d8000)
 Metaspace       used 45422K, capacity 46328K, committed 46464K, reserved 1089536K
  class space    used 6145K, capacity 6412K, committed 6528K, reserved 1048576K
Event: 300.943 GC heap after
Heap after GC invocations=73 (full 3):
 def new generation   total 13248K, used 10K [0x00000000c0000000, 0x00000000c0e60000, 0x00000000d5550000)
  eden space 11776K,   0% used [0x00000000c0000000, 0x00000000c0000000, 0x00000000c0b80000)
  from space 1472K,   0% used [0x00000000c0cf0000, 0x00000000c0cf2948, 0x00000000c0e60000)
  to   space 1472K,   0% used [0x00000000c0b80000, 0x00000000c0b80000, 0x00000000c0cf0000)
 tenured generation   total 29216K, used 24412K [0x00000000d5550000, 0x00000000d71d8000, 0x0000000100000000)
   the space 29216K,  83% used [0x00000000d5550000, 0x00000000d6d27210, 0x00000000d6d27400, 0x00000000d71d8000)
 Metaspace       used 45422K, capacity 46328K, committed 46464K, reserved 1089536K
  class space    used 6145K, capacity 6412K, committed 6528K, reserved 1048576K
}
Event: 301.165 GC heap before
{Heap before GC invocations=73 (full 3):
 def new generation   total 13248K, used 11786K [0x00000000c0000000, 0x00000000c0e60000, 0x00000000d5550000)
  eden space 11776K, 100% used [0x00000000c0000000, 0x00000000c0b80000, 0x00000000c0b80000)
  from space 1472K,   0% used [0x00000000c0cf0000, 0x00000000c0cf2948, 0x00000000c0e60000)
  to   space 1472K,   0% used [0x00000000c0b80000, 0x00000000c0b80000, 0x00000000c0cf0000)
 tenured generation   total 29216K, used 24412K [0x00000000d5550000, 0x00000000d71d8000, 0x0000000100000000)
   the space 29216K,  83% used [0x00000000d5550000, 0x00000000d6d27210, 0x00000000d6d27400, 0x00000000d71d8000)
 Metaspace       used 45465K, capacity 46328K, committed 46464K, reserved 1089536K
  class space    used 6145K, capacity 6412K, committed 6528K, reserved 1048576K
Event: 301.167 GC heap after
Heap after GC invocations=74 (full 3):
 def new generation   total 13248K, used 47K [0x00000000c0000000, 0x00000000c0e60000, 0x00000000d5550000)
  eden space 11776K,   0% used [0x00000000c0000000, 0x00000000c0000000, 0x00000000c0b80000)
  from space 1472K,   3% used [0x00000000c0b80000, 0x00000000c0b8bf60, 0x00000000c0cf0000)
  to   space 1472K,   0% used [0x00000000c0cf0000, 0x00000000c0cf0000, 0x00000000c0e60000)
 tenured generation   total 29216K, used 24412K [0x00000000d5550000, 0x00000000d71d8000, 0x0000000100000000)
   the space 29216K,  83% used [0x00000000d5550000, 0x00000000d6d27210, 0x00000000d6d27400, 0x00000000d71d8000)
 Metaspace       used 45465K, capacity 46328K, committed 46464K, reserved 1089536K
  class space    used 6145K, capacity 6412K, committed 6528K, reserved 1048576K
}
Event: 301.291 GC heap before
{Heap before GC invocations=74 (full 3):
 def new generation   total 13248K, used 11823K [0x00000000c0000000, 0x00000000c0e60000, 0x00000000d5550000)
  eden space 11776K, 100% used [0x00000000c0000000, 0x00000000c0b80000, 0x00000000c0b80000)
  from space 1472K,   3% used [0x00000000c0b80000, 0x00000000c0b8bf60, 0x00000000c0cf0000)
  to   space 1472K,   0% used [0x00000000c0cf0000, 0x00000000c0cf0000, 0x00000000c0e60000)
 tenured generation   total 29216K, used 24412K [0x00000000d5550000, 0x00000000d71d8000, 0x0000000100000000)
   the space 29216K,  83% used [0x00000000d5550000, 0x00000000d6d27210, 0x00000000d6d27400, 0x00000000d71d8000)
 Metaspace       used 45465K, capacity 46328K, committed 46464K, reserved 1089536K
  class space    used 6145K, capacity 6412K, committed 6528K, reserved 1048576K
Event: 301.294 GC heap after
Heap after GC invocations=75 (full 3):
 def new generation   total 13248K, used 28K [0x00000000c0000000, 0x00000000c0e60000, 0x00000000d5550000)
  eden space 11776K,   0% used [0x00000000c0000000, 0x00000000c0000000, 0x00000000c0b80000)
  from space 1472K,   1% used [0x00000000c0cf0000, 0x00000000c0cf7388, 0x00000000c0e60000)
  to   space 1472K,   0% used [0x00000000c0b80000, 0x00000000c0b80000, 0x00000000c0cf0000)
 tenured generation   total 29216K, used 24412K [0x00000000d5550000, 0x00000000d71d8000, 0x0000000100000000)
   the space 29216K,  83% used [0x00000000d5550000, 0x00000000d6d27210, 0x00000000d6d27400, 0x00000000d71d8000)
 Metaspace       used 45465K, capacity 46328K, committed 46464K, reserved 1089536K
  class space    used 6145K, capacity 6412K, committed 6528K, reserved 1048576K
}
Event: 301.598 GC heap before
{Heap before GC invocations=75 (full 3):
 def new generation   total 13248K, used 11804K [0x00000000c0000000, 0x00000000c0e60000, 0x00000000d5550000)
  eden space 11776K, 100% used [0x00000000c0000000, 0x00000000c0b80000, 0x00000000c0b80000)
  from space 1472K,   1% used [0x00000000c0cf0000, 0x00000000c0cf7388, 0x00000000c0e60000)
  to   space 1472K,   0% used [0x00000000c0b80000, 0x00000000c0b80000, 0x00000000c0cf0000)
 tenured generation   total 29216K, used 24412K [0x00000000d5550000, 0x00000000d71d8000, 0x0000000100000000)
   the space 29216K,  83% used [0x00000000d5550000, 0x00000000d6d27210, 0x00000000d6d27400, 0x00000000d71d8000)
 Metaspace       used 45752K, capacity 46574K, committed 46720K, reserved 1089536K
  class space    used 6201K, capacity 6454K, committed 6528K, reserved 1048576K
Event: 301.602 GC heap after
Heap after GC invocations=76 (full 3):
 def new generation   total 13248K, used 401K [0x00000000c0000000, 0x00000000c0e60000, 0x00000000d5550000)
  eden space 11776K,   0% used [0x00000000c0000000, 0x00000000c0000000, 0x00000000c0b80000)
  from space 1472K,  27% used [0x00000000c0b80000, 0x00000000c0be47d0, 0x00000000c0cf0000)
  to   space 1472K,   0% used [0x00000000c0cf0000, 0x00000000c0cf0000, 0x00000000c0e60000)
 tenured generation   total 29216K, used 24412K [0x00000000d5550000, 0x00000000d71d8000, 0x0000000100000000)
   the space 29216K,  83% used [0x00000000d5550000, 0x00000000d6d27210, 0x00000000d6d27400, 0x00000000d71d8000)
 Metaspace       used 45752K, capacity 46574K, committed 46720K, reserved 1089536K
  class space    used 6201K, capacity 6454K, committed 6528K, reserved 1048576K
}
Event: 302.175 GC heap before
{Heap before GC invocations=76 (full 3):
 def new generation   total 13248K, used 12177K [0x00000000c0000000, 0x00000000c0e60000, 0x00000000d5550000)
  eden space 11776K, 100% used [0x00000000c0000000, 0x00000000c0b80000, 0x00000000c0b80000)
  from space 1472K,  27% used [0x00000000c0b80000, 0x00000000c0be47d0, 0x00000000c0cf0000)
  to   space 1472K,   0% used [0x00000000c0cf0000, 0x00000000c0cf0000, 0x00000000c0e60000)
 tenured generation   total 29216K, used 24412K [0x00000000d5550000, 0x00000000d71d8000, 0x0000000100000000)
   the space 29216K,  83% used [0x00000000d5550000, 0x00000000d6d27210, 0x00000000d6d27400, 0x00000000d71d8000)
 Metaspace       used 45849K, capacity 46670K, committed 46720K, reserved 1089536K
  class space    used 6210K, capacity 6486K, committed 6528K, reserved 1048576K
Event: 302.179 GC heap after
Heap after GC invocations=77 (full 3):
 def new generation   total 13248K, used 272K [0x00000000c0000000, 0x00000000c0e60000, 0x00000000d5550000)
  eden space 11776K,   0% used [0x00000000c0000000, 0x00000000c0000000, 0x00000000c0b80000)
  from space 1472K,  18% used [0x00000000c0cf0000, 0x00000000c0d34368, 0x00000000c0e60000)
  to   space 1472K,   0% used [0x00000000c0b80000, 0x00000000c0b80000, 0x00000000c0cf0000)
 tenured generation   total 29216K, used 24412K [0x00000000d5550000, 0x00000000d71d8000, 0x0000000100000000)
   the space 29216K,  83% used [0x00000000d5550000, 0x00000000d6d27210, 0x00000000d6d27400, 0x00000000d71d8000)
 Metaspace       used 45849K, capacity 46670K, committed 46720K, reserved 1089536K
  class space    used 6210K, capacity 6486K, committed 6528K, reserved 1048576K
}
Event: 302.280 GC heap before
{Heap before GC invocations=77 (full 3):
 def new generation   total 13248K, used 12048K [0x00000000c0000000, 0x00000000c0e60000, 0x00000000d5550000)
  eden space 11776K, 100% used [0x00000000c0000000, 0x00000000c0b80000, 0x00000000c0b80000)
  from space 1472K,  18% used [0x00000000c0cf0000, 0x00000000c0d34368, 0x00000000c0e60000)
  to   space 1472K,   0% used [0x00000000c0b80000, 0x00000000c0b80000, 0x00000000c0cf0000)
 tenured generation   total 29216K, used 24412K [0x00000000d5550000, 0x00000000d71d8000, 0x0000000100000000)
   the space 29216K,  83% used [0x00000000d5550000, 0x00000000d6d27210, 0x00000000d6d27400, 0x00000000d71d8000)
 Metaspace       used 45849K, capacity 46670K, committed 46720K, reserved 1089536K
  class space    used 6210K, capacity 6486K, committed 6528K, reserved 1048576K
Event: 302.282 GC heap after
Heap after GC invocations=78 (full 3):
 def new generation   total 13248K, used 216K [0x00000000c0000000, 0x00000000c0e60000, 0x00000000d5550000)
  eden space 11776K,   0% used [0x00000000c0000000, 0x00000000c0000000, 0x00000000c0b80000)
  from space 1472K,  14% used [0x00000000c0b80000, 0x00000000c0bb6008, 0x00000000c0cf0000)
  to   space 1472K,   0% used [0x00000000c0cf0000, 0x00000000c0cf0000, 0x00000000c0e60000)
 tenured generation   total 29216K, used 24412K [0x00000000d5550000, 0x00000000d71d8000, 0x0000000100000000)
   the space 29216K,  83% used [0x00000000d5550000, 0x00000000d6d27210, 0x00000000d6d27400, 0x00000000d71d8000)
 Metaspace       used 45849K, capacity 46670K, committed 46720K, reserved 1089536K
  class space    used 6210K, capacity 6486K, committed 6528K, reserved 1048576K
}
Event: 302.404 GC heap before
{Heap before GC invocations=78 (full 3):
 def new generation   total 13248K, used 11992K [0x00000000c0000000, 0x00000000c0e60000, 0x00000000d5550000)
  eden space 11776K, 100% used [0x00000000c0000000, 0x00000000c0b80000, 0x00000000c0b80000)
  from space 1472K,  14% used [0x00000000c0b80000, 0x00000000c0bb6008, 0x00000000c0cf0000)
  to   space 1472K,   0% used [0x00000000c0cf0000, 0x00000000c0cf0000, 0x00000000c0e60000)
 tenured generation   total 29216K, used 24412K [0x00000000d5550000, 0x00000000d71d8000, 0x0000000100000000)
   the space 29216K,  83% used [0x00000000d5550000, 0x00000000d6d27210, 0x00000000d6d27400, 0x00000000d71d8000)
 Metaspace       used 45926K, capacity 46804K, committed 46976K, reserved 1089536K
  class space    used 6211K, capacity 6487K, committed 6528K, reserved 1048576K
Event: 302.407 GC heap after
Heap after GC invocations=79 (full 3):
 def new generation   total 13248K, used 335K [0x00000000c0000000, 0x00000000c0e60000, 0x00000000d5550000)
  eden space 11776K,   0% used [0x00000000c0000000, 0x00000000c0000000, 0x00000000c0b80000)
  from space 1472K,  22% used [0x00000000c0cf0000, 0x00000000c0d43c90, 0x00000000c0e60000)
  to   space 1472K,   0% used [0x00000000c0b80000, 0x00000000c0b80000, 0x00000000c0cf0000)
 tenured generation   total 29216K, used 24412K [0x00000000d5550000, 0x00000000d71d8000, 0x0000000100000000)
   the space 29216K,  83% used [0x00000000d5550000, 0x00000000d6d27210, 0x00000000d6d27400, 0x00000000d71d8000)
 Metaspace       used 45926K, capacity 46804K, committed 46976K, reserved 1089536K
  class space    used 6211K, capacity 6487K, committed 6528K, reserved 1048576K
}
Event: 302.613 GC heap before
{Heap before GC invocations=79 (full 3):
 def new generation   total 13248K, used 12111K [0x00000000c0000000, 0x00000000c0e60000, 0x00000000d5550000)
  eden space 11776K, 100% used [0x00000000c0000000, 0x00000000c0b80000, 0x00000000c0b80000)
  from space 1472K,  22% used [0x00000000c0cf0000, 0x00000000c0d43c90, 0x00000000c0e60000)
  to   space 1472K,   0% used [0x00000000c0b80000, 0x00000000c0b80000, 0x00000000c0cf0000)
 tenured generation   total 29216K, used 24412K [0x00000000d5550000, 0x00000000d71d8000, 0x0000000100000000)
   the space 29216K,  83% used [0x00000000d5550000, 0x00000000d6d27210, 0x00000000d6d27400, 0x00000000d71d8000)
 Metaspace       used 46097K, capacity 46996K, committed 47232K, reserved 1089536K
  class space    used 6211K, capacity 6487K, committed 6528K, reserved 1048576K
Event: 302.617 GC heap after
Heap after GC invocations=80 (full 3):
 def new generation   total 13248K, used 812K [0x00000000c0000000, 0x00000000c0e60000, 0x00000000d5550000)
  eden space 11776K,   0% used [0x00000000c0000000, 0x00000000c0000000, 0x00000000c0b80000)
  from space 1472K,  55% used [0x00000000c0b80000, 0x00000000c0c4b2d0, 0x00000000c0cf0000)
  to   space 1472K,   0% used [0x00000000c0cf0000, 0x00000000c0cf0000, 0x00000000c0e60000)
 tenured generation   total 29216K, used 24412K [0x00000000d5550000, 0x00000000d71d8000, 0x0000000100000000)
   the space 29216K,  83% used [0x00000000d5550000, 0x00000000d6d27210, 0x00000000d6d27400, 0x00000000d71d8000)
 Metaspace       used 46097K, capacity 46996K, committed 47232K, reserved 1089536K
  class space    used 6211K, capacity 6487K, committed 6528K, reserved 1048576K
}
Event: 302.732 GC heap before
{Heap before GC invocations=80 (full 3):
 def new generation   total 13248K, used 12588K [0x00000000c0000000, 0x00000000c0e60000, 0x00000000d5550000)
  eden space 11776K, 100% used [0x00000000c0000000, 0x00000000c0b80000, 0x00000000c0b80000)
  from space 1472K,  55% used [0x00000000c0b80000, 0x00000000c0c4b2d0, 0x00000000c0cf0000)
  to   space 1472K,   0% used [0x00000000c0cf0000, 0x00000000c0cf0000, 0x00000000c0e60000)
 tenured generation   total 29216K, used 24412K [0x00000000d5550000, 0x00000000d71d8000, 0x0000000100000000)
   the space 29216K,  83% used [0x00000000d5550000, 0x00000000d6d27210, 0x00000000d6d27400, 0x00000000d71d8000)
 Metaspace       used 46104K, capacity 46996K, committed 47232K, reserved 1089536K
  class space    used 6211K, capacity 6487K, committed 6528K, reserved 1048576K
Event: 302.738 GC heap after
Heap after GC invocations=81 (full 3):
 def new generation   total 13248K, used 833K [0x00000000c0000000, 0x00000000c0e60000, 0x00000000d5550000)
  eden space 11776K,   0% used [0x00000000c0000000, 0x00000000c0000000, 0x00000000c0b80000)
  from space 1472K,  56% used [0x00000000c0cf0000, 0x00000000c0dc0498, 0x00000000c0e60000)
  to   space 1472K,   0% used [0x00000000c0b80000, 0x00000000c0b80000, 0x00000000c0cf0000)
 tenured generation   total 29216K, used 24600K [0x00000000d5550000, 0x00000000d71d8000, 0x0000000100000000)
   the space 29216K,  84% used [0x00000000d5550000, 0x00000000d6d56248, 0x00000000d6d56400, 0x00000000d71d8000)
 Metaspace       used 46104K, capacity 46996K, committed 47232K, reserved 1089536K
  class space    used 6211K, capacity 6487K, committed 6528K, reserved 1048576K
}
Event: 302.845 GC heap before
{Heap before GC invocations=81 (full 3):
 def new generation   total 13248K, used 12609K [0x00000000c0000000, 0x00000000c0e60000, 0x00000000d5550000)
  eden space 11776K, 100% used [0x00000000c0000000, 0x00000000c0b80000, 0x00000000c0b80000)
  from space 1472K,  56% used [0x00000000c0cf0000, 0x00000000c0dc0498, 0x00000000c0e60000)
  to   space 1472K,   0% used [0x00000000c0b80000, 0x00000000c0b80000, 0x00000000c0cf0000)
 tenured generation   total 29216K, used 24600K [0x00000000d5550000, 0x00000000d71d8000, 0x0000000100000000)
   the space 29216K,  84% used [0x00000000d5550000, 0x00000000d6d56248, 0x00000000d6d56400, 0x00000000d71d8000)
 Metaspace       used 46107K, capacity 46996K, committed 47232K, reserved 1089536K
  class space    used 6211K, capacity 6487K, committed 6528K, reserved 1048576K
Event: 302.849 GC heap after
Heap after GC invocations=82 (full 3):
 def new generation   total 13248K, used 718K [0x00000000c0000000, 0x00000000c0e60000, 0x00000000d5550000)
  eden space 11776K,   0% used [0x00000000c0000000, 0x00000000c0000000, 0x00000000c0b80000)
  from space 1472K,  48% used [0x00000000c0b80000, 0x00000000c0c33958, 0x00000000c0cf0000)
  to   space 1472K,   0% used [0x00000000c0cf0000, 0x00000000c0cf0000, 0x00000000c0e60000)
 tenured generation   total 29216K, used 24926K [0x00000000d5550000, 0x00000000d71d8000, 0x0000000100000000)
   the space 29216K,  85% used [0x00000000d5550000, 0x00000000d6da7b40, 0x00000000d6da7c00, 0x00000000d71d8000)
 Metaspace       used 46107K, capacity 46996K, committed 47232K, reserved 1089536K
  class space    used 6211K, capacity 6487K, committed 6528K, reserved 1048576K
}
Event: 302.951 GC heap before
{Heap before GC invocations=82 (full 3):
 def new generation   total 13248K, used 12494K [0x00000000c0000000, 0x00000000c0e60000, 0x00000000d5550000)
  eden space 11776K, 100% used [0x00000000c0000000, 0x00000000c0b80000, 0x00000000c0b80000)
  from space 1472K,  48% used [0x00000000c0b80000, 0x00000000c0c33958, 0x00000000c0cf0000)
  to   space 1472K,   0% used [0x00000000c0cf0000, 0x00000000c0cf0000, 0x00000000c0e60000)
 tenured generation   total 29216K, used 24926K [0x00000000d5550000, 0x00000000d71d8000, 0x0000000100000000)
   the space 29216K,  85% used [0x00000000d5550000, 0x00000000d6da7b40, 0x00000000d6da7c00, 0x00000000d71d8000)
 Metaspace       used 46111K, capacity 46996K, committed 47232K, reserved 1089536K
  class space    used 6211K, capacity 6487K, committed 6528K, reserved 1048576K
Event: 302.955 GC heap after
Heap after GC invocations=83 (full 3):
 def new generation   total 13248K, used 906K [0x00000000c0000000, 0x00000000c0e60000, 0x00000000d5550000)
  eden space 11776K,   0% used [0x00000000c0000000, 0x00000000c0000000, 0x00000000c0b80000)
  from space 1472K,  61% used [0x00000000c0cf0000, 0x00000000c0dd2838, 0x00000000c0e60000)
  to   space 1472K,   0% used [0x00000000c0b80000, 0x00000000c0b80000, 0x00000000c0cf0000)
 tenured generation   total 29216K, used 24926K [0x00000000d5550000, 0x00000000d71d8000, 0x0000000100000000)
   the space 29216K,  85% used [0x00000000d5550000, 0x00000000d6da7b40, 0x00000000d6da7c00, 0x00000000d71d8000)
 Metaspace       used 46111K, capacity 46996K, committed 47232K, reserved 1089536K
  class space    used 6211K, capacity 6487K, committed 6528K, reserved 1048576K
}
Event: 303.031 GC heap before
{Heap before GC invocations=83 (full 3):
 def new generation   total 13248K, used 12682K [0x00000000c0000000, 0x00000000c0e60000, 0x00000000d5550000)
  eden space 11776K, 100% used [0x00000000c0000000, 0x00000000c0b80000, 0x00000000c0b80000)
  from space 1472K,  61% used [0x00000000c0cf0000, 0x00000000c0dd2838, 0x00000000c0e60000)
  to   space 1472K,   0% used [0x00000000c0b80000, 0x00000000c0b80000, 0x00000000c0cf0000)
 tenured generation   total 29216K, used 24926K [0x00000000d5550000, 0x00000000d71d8000, 0x0000000100000000)
   the space 29216K,  85% used [0x00000000d5550000, 0x00000000d6da7b40, 0x00000000d6da7c00, 0x00000000d71d8000)
 Metaspace       used 46113K, capacity 46996K, committed 47232K, reserved 1089536K
  class space    used 6211K, capacity 6487K, committed 6528K, reserved 1048576K
Event: 303.035 GC heap after
Heap after GC invocations=84 (full 3):
 def new generation   total 13248K, used 993K [0x00000000c0000000, 0x00000000c0e60000, 0x00000000d5550000)
  eden space 11776K,   0% used [0x00000000c0000000, 0x00000000c0000000, 0x00000000c0b80000)
  from space 1472K,  67% used [0x00000000c0b80000, 0x00000000c0c78410, 0x00000000c0cf0000)
  to   space 1472K,   0% used [0x00000000c0cf0000, 0x00000000c0cf0000, 0x00000000c0e60000)
 tenured generation   total 29216K, used 25138K [0x00000000d5550000, 0x00000000d71d8000, 0x0000000100000000)
   the space 29216K,  86% used [0x00000000d5550000, 0x00000000d6ddc890, 0x00000000d6ddca00, 0x00000000d71d8000)
 Metaspace       used 46113K, capacity 46996K, committed 47232K, reserved 1089536K
  class space    used 6211K, capacity 6487K, committed 6528K, reserved 1048576K
}
Event: 303.931 GC heap before
{Heap before GC invocations=84 (full 3):
 def new generation   total 13248K, used 12769K [0x00000000c0000000, 0x00000000c0e60000, 0x00000000d5550000)
  eden space 11776K, 100% used [0x00000000c0000000, 0x00000000c0b80000, 0x00000000c0b80000)
  from space 1472K,  67% used [0x00000000c0b80000, 0x00000000c0c78410, 0x00000000c0cf0000)
  to   space 1472K,   0% used [0x00000000c0cf0000, 0x00000000c0cf0000, 0x00000000c0e60000)
 tenured generation   total 29216K, used 25138K [0x00000000d5550000, 0x00000000d71d8000, 0x0000000100000000)
   the space 29216K,  86% used [0x00000000d5550000, 0x00000000d6ddc890, 0x00000000d6ddca00, 0x00000000d71d8000)
 Metaspace       used 46450K, capacity 47398K, committed 47488K, reserved 1089536K
  class space    used 6237K, capacity 6493K, committed 6528K, reserved 1048576K
Event: 303.937 GC heap after
Heap after GC invocations=85 (full 3):
 def new generation   total 13248K, used 1342K [0x00000000c0000000, 0x00000000c0e60000, 0x00000000d5550000)
  eden space 11776K,   0% used [0x00000000c0000000, 0x00000000c0000000, 0x00000000c0b80000)
  from space 1472K,  91% used [0x00000000c0cf0000, 0x00000000c0e3f9a0, 0x00000000c0e60000)
  to   space 1472K,   0% used [0x00000000c0b80000, 0x00000000c0b80000, 0x00000000c0cf0000)
 tenured generation   total 29216K, used 25516K [0x00000000d5550000, 0x00000000d71d8000, 0x0000000100000000)
   the space 29216K,  87% used [0x00000000d5550000, 0x00000000d6e3b3d0, 0x00000000d6e3b400, 0x00000000d71d8000)
 Metaspace       used 46450K, capacity 47398K, committed 47488K, reserved 1089536K
  class space    used 6237K, capacity 6493K, committed 6528K, reserved 1048576K
}
Event: 304.682 GC heap before
{Heap before GC invocations=85 (full 3):
 def new generation   total 13248K, used 13118K [0x00000000c0000000, 0x00000000c0e60000, 0x00000000d5550000)
  eden space 11776K, 100% used [0x00000000c0000000, 0x00000000c0b80000, 0x00000000c0b80000)
  from space 1472K,  91% used [0x00000000c0cf0000, 0x00000000c0e3f9a0, 0x00000000c0e60000)
  to   space 1472K,   0% used [0x00000000c0b80000, 0x00000000c0b80000, 0x00000000c0cf0000)
 tenured generation   total 29216K, used 25516K [0x00000000d5550000, 0x00000000d71d8000, 0x0000000100000000)
   the space 29216K,  87% used [0x00000000d5550000, 0x00000000d6e3b3d0, 0x00000000d6e3b400, 0x00000000d71d8000)
 Metaspace       used 46461K, capacity 47398K, committed 47488K, reserved 1089536K
  class space    used 6237K, capacity 6493K, committed 6528K, reserved 1048576K
Event: 304.689 GC heap after
Heap after GC invocations=86 (full 3):
 def new generation   total 13248K, used 1076K [0x00000000c0000000, 0x00000000c0e60000, 0x00000000d5550000)
  eden space 11776K,   0% used [0x00000000c0000000, 0x00000000c0000000, 0x00000000c0b80000)
  from space 1472K,  73% used [0x00000000c0b80000, 0x00000000c0c8d298, 0x00000000c0cf0000)
  to   space 1472K,   0% used [0x00000000c0cf0000, 0x00000000c0cf0000, 0x00000000c0e60000)
 tenured generation   total 29216K, used 26684K [0x00000000d5550000, 0x00000000d71d8000, 0x0000000100000000)
   the space 29216K,  91% used [0x00000000d5550000, 0x00000000d6f5f348, 0x00000000d6f5f400, 0x00000000d71d8000)
 Metaspace       used 46461K, capacity 47398K, committed 47488K, reserved 1089536K
  class space    used 6237K, capacity 6493K, committed 6528K, reserved 1048576K
}
Event: 305.517 GC heap before
{Heap before GC invocations=86 (full 3):
 def new generation   total 13248K, used 12852K [0x00000000c0000000, 0x00000000c0e60000, 0x00000000d5550000)
  eden space 11776K, 100% used [0x00000000c0000000, 0x00000000c0b80000, 0x00000000c0b80000)
  from space 1472K,  73% used [0x00000000c0b80000, 0x00000000c0c8d298, 0x00000000c0cf0000)
  to   space 1472K,   0% used [0x00000000c0cf0000, 0x00000000c0cf0000, 0x00000000c0e60000)
 tenured generation   total 29216K, used 26684K [0x00000000d5550000, 0x00000000d71d8000, 0x0000000100000000)
   the space 29216K,  91% used [0x00000000d5550000, 0x00000000d6f5f348, 0x00000000d6f5f400, 0x00000000d71d8000)
 Metaspace       used 46470K, capacity 47398K, committed 47488K, reserved 1089536K
  class space    used 6237K, capacity 6493K, committed 6528K, reserved 1048576K
Event: 305.523 GC heap after
Heap after GC invocations=87 (full 3):
 def new generation   total 13248K, used 1222K [0x00000000c0000000, 0x00000000c0e60000, 0x00000000d5550000)
  eden space 11776K,   0% used [0x00000000c0000000, 0x00000000c0000000, 0x00000000c0b80000)
  from space 1472K,  83% used [0x00000000c0cf0000, 0x00000000c0e21bf0, 0x00000000c0e60000)
  to   space 1472K,   0% used [0x00000000c0b80000, 0x00000000c0b80000, 0x00000000c0cf0000)
 tenured generation   total 29216K, used 27633K [0x00000000d5550000, 0x00000000d71d8000, 0x0000000100000000)
   the space 29216K,  94% used [0x00000000d5550000, 0x00000000d704c760, 0x00000000d704c800, 0x00000000d71d8000)
 Metaspace       used 46470K, capacity 47398K, committed 47488K, reserved 1089536K
  class space    used 6237K, capacity 6493K, committed 6528K, reserved 1048576K
}

